<?xml version="1.0" encoding="UTF-8"?>
<!-- Generated by org.testng.reporters.JUnitXMLReporter -->
<testsuite ignored="72" hostname="SSSLT025" failures="0" tests="1" name="Default test" time="29.347" errors="0" timestamp="2024-03-26T17:39:34 IST">
  <testcase classname="allPages.CustomerList" name="TC69" time="25.422"/>
  <testcase classname="allPages.CustomerList" name="TC46" time="0.0">
    <ignored/>
  </testcase> <!-- TC46 -->
  <testcase classname="allPages.CustomerList" name="TC02" time="0.0">
    <ignored/>
  </testcase> <!-- TC02 -->
  <testcase classname="allPages.CustomerList" name="TC34" time="0.0">
    <ignored/>
  </testcase> <!-- TC34 -->
  <testcase classname="allPages.CustomerList" name="CusAddDetailsFull" time="0.0">
    <ignored/>
  </testcase> <!-- CusAddDetailsFull -->
  <testcase classname="allPages.CustomerList" name="TC70" time="0.0">
    <ignored/>
  </testcase> <!-- TC70 -->
  <testcase classname="allPages.CustomerList" name="TC18" time="0.0">
    <ignored/>
  </testcase> <!-- TC18 -->
  <testcase classname="allPages.CustomerList" name="TC06" time="0.0">
    <ignored/>
  </testcase> <!-- TC06 -->
  <testcase classname="allPages.CustomerList" name="TC38" time="0.0">
    <ignored/>
  </testcase> <!-- TC38 -->
  <testcase classname="allPages.CustomerList" name="TC26" time="0.0">
    <ignored/>
  </testcase> <!-- TC26 -->
  <testcase classname="allPages.CustomerList" name="TC58" time="0.0">
    <ignored/>
  </testcase> <!-- TC58 -->
  <testcase classname="allPages.CustomerList" name="TC14" time="0.0">
    <ignored/>
  </testcase> <!-- TC14 -->
  <testcase classname="allPages.CustomerList" name="TC66" time="0.0">
    <ignored/>
  </testcase> <!-- TC66 -->
  <testcase classname="allPages.CustomerList" name="TC22" time="0.0">
    <ignored/>
  </testcase> <!-- TC22 -->
  <testcase classname="allPages.CustomerList" name="TC54" time="0.0">
    <ignored/>
  </testcase> <!-- TC54 -->
  <testcase classname="allPages.CustomerList" name="TC10" time="0.0">
    <ignored/>
  </testcase> <!-- TC10 -->
  <testcase classname="allPages.CustomerList" name="TC42" time="0.0">
    <ignored/>
  </testcase> <!-- TC42 -->
  <testcase classname="allPages.CustomerList" name="TC30" time="0.0">
    <ignored/>
  </testcase> <!-- TC30 -->
  <testcase classname="allPages.CustomerList" name="TC62" time="0.0">
    <ignored/>
  </testcase> <!-- TC62 -->
  <testcase classname="allPages.CustomerList" name="TC50" time="0.0">
    <ignored/>
  </testcase> <!-- TC50 -->
  <testcase classname="allPages.CustomerList" name="CustomerListClick" time="0.0">
    <ignored/>
  </testcase> <!-- CustomerListClick -->
  <testcase classname="allPages.CustomerList" name="TC35" time="0.0">
    <ignored/>
  </testcase> <!-- TC35 -->
  <testcase classname="allPages.CustomerList" name="TC67" time="0.0">
    <ignored/>
  </testcase> <!-- TC67 -->
  <testcase classname="allPages.CustomerList" name="TC23" time="0.0">
    <ignored/>
  </testcase> <!-- TC23 -->
  <testcase classname="allPages.CustomerList" name="CusEditActBtn" time="0.0">
    <ignored/>
  </testcase> <!-- CusEditActBtn -->
  <testcase classname="allPages.CustomerList" name="TC71" time="0.0">
    <ignored/>
  </testcase> <!-- TC71 -->
  <testcase classname="allPages.CustomerList" name="TC19" time="0.0">
    <ignored/>
  </testcase> <!-- TC19 -->
  <testcase classname="allPages.CustomerList" name="TC07" time="0.0">
    <ignored/>
  </testcase> <!-- TC07 -->
  <testcase classname="allPages.CustomerList" name="TC39" time="0.0">
    <ignored/>
  </testcase> <!-- TC39 -->
  <testcase classname="allPages.CustomerList" name="TC27" time="0.0">
    <ignored/>
  </testcase> <!-- TC27 -->
  <testcase classname="allPages.CustomerList" name="TC59" time="0.0">
    <ignored/>
  </testcase> <!-- TC59 -->
  <testcase classname="allPages.CustomerList" name="TC15" time="0.0">
    <ignored/>
  </testcase> <!-- TC15 -->
  <testcase classname="allPages.CustomerList" name="TC47" time="0.0">
    <ignored/>
  </testcase> <!-- TC47 -->
  <testcase classname="allPages.CustomerList" name="TC03" time="0.0">
    <ignored/>
  </testcase> <!-- TC03 -->
  <testcase classname="allPages.CustomerList" name="TC55" time="0.0">
    <ignored/>
  </testcase> <!-- TC55 -->
  <testcase classname="allPages.CustomerList" name="TC11" time="0.0">
    <ignored/>
  </testcase> <!-- TC11 -->
  <testcase classname="allPages.CustomerList" name="TC43" time="0.0">
    <ignored/>
  </testcase> <!-- TC43 -->
  <testcase classname="allPages.CustomerList" name="TC31" time="0.0">
    <ignored/>
  </testcase> <!-- TC31 -->
  <testcase classname="allPages.CustomerList" name="TC63" time="0.0">
    <ignored/>
  </testcase> <!-- TC63 -->
  <testcase classname="allPages.CustomerList" name="TC51" time="0.0">
    <ignored/>
  </testcase> <!-- TC51 -->
  <testcase classname="allPages.CustomerList" name="TC68" time="0.0">
    <ignored/>
  </testcase> <!-- TC68 -->
  <testcase classname="allPages.CustomerList" name="TC24" time="0.0">
    <ignored/>
  </testcase> <!-- TC24 -->
  <testcase classname="allPages.CustomerList" name="TC56" time="0.0">
    <ignored/>
  </testcase> <!-- TC56 -->
  <testcase classname="allPages.CustomerList" name="TC12" time="0.0">
    <ignored/>
  </testcase> <!-- TC12 -->
  <testcase classname="allPages.CustomerList" name="TC60" time="0.0">
    <ignored/>
  </testcase> <!-- TC60 -->
  <testcase classname="allPages.CustomerList" name="TC08" time="0.0">
    <ignored/>
  </testcase> <!-- TC08 -->
  <testcase classname="allPages.CustomerList" name="TC28" time="0.0">
    <ignored/>
  </testcase> <!-- TC28 -->
  <testcase classname="allPages.CustomerList" name="TC16" time="0.0">
    <ignored/>
  </testcase> <!-- TC16 -->
  <testcase classname="allPages.CustomerList" name="TC48" time="0.0">
    <ignored/>
  </testcase> <!-- TC48 -->
  <testcase classname="allPages.CustomerList" name="TC04" time="0.0">
    <ignored/>
  </testcase> <!-- TC04 -->
  <testcase classname="allPages.CustomerList" name="TC36" time="0.0">
    <ignored/>
  </testcase> <!-- TC36 -->
  <testcase classname="allPages.CustomerList" name="TC44" time="0.0">
    <ignored/>
  </testcase> <!-- TC44 -->
  <testcase classname="allPages.CustomerList" name="TC32" time="0.0">
    <ignored/>
  </testcase> <!-- TC32 -->
  <testcase classname="allPages.CustomerList" name="TC64" time="0.0">
    <ignored/>
  </testcase> <!-- TC64 -->
  <testcase classname="allPages.CustomerList" name="TC20" time="0.0">
    <ignored/>
  </testcase> <!-- TC20 -->
  <testcase classname="allPages.CustomerList" name="TC52" time="0.0">
    <ignored/>
  </testcase> <!-- TC52 -->
  <testcase classname="allPages.CustomerList" name="TC40" time="0.0">
    <ignored/>
  </testcase> <!-- TC40 -->
  <testcase classname="allPages.CustomerList" name="TC09" time="0.0">
    <ignored/>
  </testcase> <!-- TC09 -->
  <testcase classname="allPages.CustomerList" name="TC57" time="0.0">
    <ignored/>
  </testcase> <!-- TC57 -->
  <testcase classname="allPages.CustomerList" name="TC13" time="0.0">
    <ignored/>
  </testcase> <!-- TC13 -->
  <testcase classname="allPages.CustomerList" name="TC45" time="0.0">
    <ignored/>
  </testcase> <!-- TC45 -->
  <testcase classname="allPages.CustomerList" name="TC01" time="0.0">
    <ignored/>
  </testcase> <!-- TC01 -->
  <testcase classname="allPages.CustomerList" name="TC29" time="0.0">
    <ignored/>
  </testcase> <!-- TC29 -->
  <testcase classname="allPages.CustomerList" name="TC49" time="0.0">
    <ignored/>
  </testcase> <!-- TC49 -->
  <testcase classname="allPages.CustomerList" name="TC05" time="0.0">
    <ignored/>
  </testcase> <!-- TC05 -->
  <testcase classname="allPages.CustomerList" name="TC37" time="0.0">
    <ignored/>
  </testcase> <!-- TC37 -->
  <testcase classname="allPages.CustomerList" name="TC25" time="0.0">
    <ignored/>
  </testcase> <!-- TC25 -->
  <testcase classname="allPages.CustomerList" name="ACHFormClick" time="0.0">
    <ignored/>
  </testcase> <!-- ACHFormClick -->
  <testcase classname="allPages.CustomerList" name="TC65" time="0.0">
    <ignored/>
  </testcase> <!-- TC65 -->
  <testcase classname="allPages.CustomerList" name="TC21" time="0.0">
    <ignored/>
  </testcase> <!-- TC21 -->
  <testcase classname="allPages.CustomerList" name="TC53" time="0.0">
    <ignored/>
  </testcase> <!-- TC53 -->
  <testcase classname="allPages.CustomerList" name="TC41" time="0.0">
    <ignored/>
  </testcase> <!-- TC41 -->
  <testcase classname="allPages.CustomerList" name="TC61" time="0.0">
    <ignored/>
  </testcase> <!-- TC61 -->
</testsuite> <!-- Default test -->
