<?xml version="1.0" encoding="UTF-8"?>
<testng-results retried="46" ignored="46" total="200" passed="102" failed="6" skipped="0">
  <reporter-output>
  </reporter-output>
  <suite started-at="2024-04-17T09:55:21 IST" name="Suite" finished-at="2024-04-17T10:58:45 IST" duration-ms="3803883">
    <groups>
    </groups>
    <test started-at="2024-04-17T09:55:21 IST" name="Test" finished-at="2024-04-17T10:58:45 IST" duration-ms="3803883">
      <class name="allPages.ViewUser">
        <test-method is-config="true" signature="launch()[pri:0, instance:allPages.ViewUser@fa36558]" started-at="2024-04-17T10:34:27 IST" name="launch" finished-at="2024-04-17T10:34:27 IST" duration-ms="1" status="PASS">
          <reporter-output>
          </reporter-output>
        </test-method> <!-- launch -->
        <test-method is-config="true" signature="setUp()[pri:0, instance:allPages.ViewUser@fa36558]" started-at="2024-04-17T10:34:27 IST" name="setUp" finished-at="2024-04-17T10:34:29 IST" duration-ms="2466" status="PASS">
          <reporter-output>
          </reporter-output>
        </test-method> <!-- setUp -->
        <test-method signature="ViewUsersClick()[pri:1, instance:allPages.ViewUser@fa36558]" started-at="2024-04-17T10:34:29 IST" name="ViewUsersClick" finished-at="2024-04-17T10:34:36 IST" duration-ms="7170" status="PASS">
          <reporter-output>
          </reporter-output>
        </test-method> <!-- ViewUsersClick -->
        <test-method is-config="true" signature="tearDown()[pri:0, instance:allPages.ViewUser@fa36558]" started-at="2024-04-17T10:34:36 IST" name="tearDown" finished-at="2024-04-17T10:34:40 IST" duration-ms="3249" status="PASS">
          <reporter-output>
          </reporter-output>
        </test-method> <!-- tearDown -->
        <test-method is-config="true" signature="launch()[pri:0, instance:allPages.ViewUser@fa36558]" started-at="2024-04-17T10:34:40 IST" name="launch" finished-at="2024-04-17T10:34:40 IST" duration-ms="1" status="PASS">
          <reporter-output>
          </reporter-output>
        </test-method> <!-- launch -->
        <test-method is-config="true" signature="setUp()[pri:0, instance:allPages.ViewUser@fa36558]" started-at="2024-04-17T10:34:40 IST" name="setUp" finished-at="2024-04-17T10:34:43 IST" duration-ms="3509" status="PASS">
          <reporter-output>
          </reporter-output>
        </test-method> <!-- setUp -->
        <test-method signature="TC01()[pri:2, instance:allPages.ViewUser@fa36558]" started-at="2024-04-17T10:34:43 IST" name="TC01" finished-at="2024-04-17T10:34:53 IST" duration-ms="9642" status="PASS">
          <reporter-output>
          </reporter-output>
        </test-method> <!-- TC01 -->
        <test-method is-config="true" signature="tearDown()[pri:0, instance:allPages.ViewUser@fa36558]" started-at="2024-04-17T10:34:53 IST" name="tearDown" finished-at="2024-04-17T10:34:56 IST" duration-ms="3254" status="PASS">
          <reporter-output>
          </reporter-output>
        </test-method> <!-- tearDown -->
        <test-method is-config="true" signature="setUp()[pri:0, instance:allPages.ViewUser@fa36558]" started-at="2024-04-17T10:34:56 IST" name="setUp" finished-at="2024-04-17T10:34:59 IST" duration-ms="2952" status="PASS">
          <reporter-output>
          </reporter-output>
        </test-method> <!-- setUp -->
        <test-method is-config="true" signature="launch()[pri:0, instance:allPages.ViewUser@fa36558]" started-at="2024-04-17T10:34:56 IST" name="launch" finished-at="2024-04-17T10:34:56 IST" duration-ms="0" status="PASS">
          <reporter-output>
          </reporter-output>
        </test-method> <!-- launch -->
        <test-method signature="TC02()[pri:3, instance:allPages.ViewUser@fa36558]" started-at="2024-04-17T10:34:59 IST" name="TC02" finished-at="2024-04-17T10:35:15 IST" duration-ms="16177" status="PASS">
          <reporter-output>
          </reporter-output>
        </test-method> <!-- TC02 -->
        <test-method is-config="true" signature="tearDown()[pri:0, instance:allPages.ViewUser@fa36558]" started-at="2024-04-17T10:35:15 IST" name="tearDown" finished-at="2024-04-17T10:35:18 IST" duration-ms="3378" status="PASS">
          <reporter-output>
          </reporter-output>
        </test-method> <!-- tearDown -->
        <test-method is-config="true" signature="setUp()[pri:0, instance:allPages.ViewUser@fa36558]" started-at="2024-04-17T10:35:18 IST" name="setUp" finished-at="2024-04-17T10:35:23 IST" duration-ms="4280" status="PASS">
          <reporter-output>
          </reporter-output>
        </test-method> <!-- setUp -->
        <test-method is-config="true" signature="launch()[pri:0, instance:allPages.ViewUser@fa36558]" started-at="2024-04-17T10:35:18 IST" name="launch" finished-at="2024-04-17T10:35:18 IST" duration-ms="0" status="PASS">
          <reporter-output>
          </reporter-output>
        </test-method> <!-- launch -->
        <test-method signature="TC03()[pri:4, instance:allPages.ViewUser@fa36558]" started-at="2024-04-17T10:35:23 IST" name="TC03" finished-at="2024-04-17T10:35:44 IST" duration-ms="21722" status="PASS">
          <reporter-output>
          </reporter-output>
        </test-method> <!-- TC03 -->
        <test-method is-config="true" signature="tearDown()[pri:0, instance:allPages.ViewUser@fa36558]" started-at="2024-04-17T10:35:44 IST" name="tearDown" finished-at="2024-04-17T10:35:48 IST" duration-ms="3187" status="PASS">
          <reporter-output>
          </reporter-output>
        </test-method> <!-- tearDown -->
        <test-method is-config="true" signature="launch()[pri:0, instance:allPages.ViewUser@fa36558]" started-at="2024-04-17T10:35:48 IST" name="launch" finished-at="2024-04-17T10:35:48 IST" duration-ms="0" status="PASS">
          <reporter-output>
          </reporter-output>
        </test-method> <!-- launch -->
        <test-method is-config="true" signature="setUp()[pri:0, instance:allPages.ViewUser@fa36558]" started-at="2024-04-17T10:35:48 IST" name="setUp" finished-at="2024-04-17T10:35:50 IST" duration-ms="2780" status="PASS">
          <reporter-output>
          </reporter-output>
        </test-method> <!-- setUp -->
        <test-method signature="TC04()[pri:5, instance:allPages.ViewUser@fa36558]" started-at="2024-04-17T10:35:50 IST" name="TC04" description="Need to add back button" finished-at="2024-04-17T10:36:03 IST" duration-ms="12396" status="PASS">
          <reporter-output>
          </reporter-output>
        </test-method> <!-- TC04 -->
        <test-method is-config="true" signature="tearDown()[pri:0, instance:allPages.ViewUser@fa36558]" started-at="2024-04-17T10:36:03 IST" name="tearDown" finished-at="2024-04-17T10:36:06 IST" duration-ms="3454" status="PASS">
          <reporter-output>
          </reporter-output>
        </test-method> <!-- tearDown -->
        <test-method is-config="true" signature="launch()[pri:0, instance:allPages.ViewUser@fa36558]" started-at="2024-04-17T10:36:06 IST" name="launch" finished-at="2024-04-17T10:36:06 IST" duration-ms="1" status="PASS">
          <reporter-output>
          </reporter-output>
        </test-method> <!-- launch -->
        <test-method is-config="true" signature="setUp()[pri:0, instance:allPages.ViewUser@fa36558]" started-at="2024-04-17T10:36:06 IST" name="setUp" finished-at="2024-04-17T10:36:11 IST" duration-ms="4269" status="PASS">
          <reporter-output>
          </reporter-output>
        </test-method> <!-- setUp -->
        <test-method signature="TC05()[pri:6, instance:allPages.ViewUser@fa36558]" started-at="2024-04-17T10:36:11 IST" name="TC05" finished-at="2024-04-17T10:36:31 IST" duration-ms="20076" status="PASS">
          <reporter-output>
          </reporter-output>
        </test-method> <!-- TC05 -->
        <test-method is-config="true" signature="tearDown()[pri:0, instance:allPages.ViewUser@fa36558]" started-at="2024-04-17T10:36:31 IST" name="tearDown" finished-at="2024-04-17T10:36:34 IST" duration-ms="3235" status="PASS">
          <reporter-output>
          </reporter-output>
        </test-method> <!-- tearDown -->
        <test-method is-config="true" signature="launch()[pri:0, instance:allPages.ViewUser@fa36558]" started-at="2024-04-17T10:36:34 IST" name="launch" finished-at="2024-04-17T10:36:34 IST" duration-ms="1" status="PASS">
          <reporter-output>
          </reporter-output>
        </test-method> <!-- launch -->
        <test-method is-config="true" signature="setUp()[pri:0, instance:allPages.ViewUser@fa36558]" started-at="2024-04-17T10:36:34 IST" name="setUp" finished-at="2024-04-17T10:36:37 IST" duration-ms="3418" status="PASS">
          <reporter-output>
          </reporter-output>
        </test-method> <!-- setUp -->
        <test-method signature="TC06()[pri:7, instance:allPages.ViewUser@fa36558]" started-at="2024-04-17T10:36:37 IST" name="TC06" finished-at="2024-04-17T10:36:58 IST" duration-ms="20488" status="PASS">
          <reporter-output>
          </reporter-output>
        </test-method> <!-- TC06 -->
        <test-method is-config="true" signature="tearDown()[pri:0, instance:allPages.ViewUser@fa36558]" started-at="2024-04-17T10:36:58 IST" name="tearDown" finished-at="2024-04-17T10:37:01 IST" duration-ms="3491" status="PASS">
          <reporter-output>
          </reporter-output>
        </test-method> <!-- tearDown -->
        <test-method is-config="true" signature="setUp()[pri:0, instance:allPages.ViewUser@fa36558]" started-at="2024-04-17T10:37:01 IST" name="setUp" finished-at="2024-04-17T10:37:04 IST" duration-ms="3214" status="PASS">
          <reporter-output>
          </reporter-output>
        </test-method> <!-- setUp -->
        <test-method is-config="true" signature="launch()[pri:0, instance:allPages.ViewUser@fa36558]" started-at="2024-04-17T10:37:01 IST" name="launch" finished-at="2024-04-17T10:37:01 IST" duration-ms="0" status="PASS">
          <reporter-output>
          </reporter-output>
        </test-method> <!-- launch -->
        <test-method signature="TC07()[pri:7, instance:allPages.ViewUser@fa36558]" started-at="2024-04-17T10:37:04 IST" name="TC07" description="change the ele1 mail id" finished-at="2024-04-17T10:37:22 IST" duration-ms="17556" status="PASS">
          <reporter-output>
          </reporter-output>
        </test-method> <!-- TC07 -->
        <test-method is-config="true" signature="tearDown()[pri:0, instance:allPages.ViewUser@fa36558]" started-at="2024-04-17T10:37:22 IST" name="tearDown" finished-at="2024-04-17T10:37:25 IST" duration-ms="3248" status="PASS">
          <reporter-output>
          </reporter-output>
        </test-method> <!-- tearDown -->
        <test-method is-config="true" signature="setUp()[pri:0, instance:allPages.ViewUser@fa36558]" started-at="2024-04-17T10:37:25 IST" name="setUp" finished-at="2024-04-17T10:37:28 IST" duration-ms="3155" status="PASS">
          <reporter-output>
          </reporter-output>
        </test-method> <!-- setUp -->
        <test-method is-config="true" signature="launch()[pri:0, instance:allPages.ViewUser@fa36558]" started-at="2024-04-17T10:37:25 IST" name="launch" finished-at="2024-04-17T10:37:25 IST" duration-ms="0" status="PASS">
          <reporter-output>
          </reporter-output>
        </test-method> <!-- launch -->
        <test-method signature="TC36()[pri:8, instance:allPages.ViewUser@fa36558]" started-at="2024-04-17T10:37:28 IST" name="TC36" description="change the ele1 mail id" finished-at="2024-04-17T10:37:47 IST" duration-ms="18136" status="PASS">
          <reporter-output>
          </reporter-output>
        </test-method> <!-- TC36 -->
        <test-method is-config="true" signature="tearDown()[pri:0, instance:allPages.ViewUser@fa36558]" started-at="2024-04-17T10:37:47 IST" name="tearDown" finished-at="2024-04-17T10:37:51 IST" duration-ms="4513" status="PASS">
          <reporter-output>
          </reporter-output>
        </test-method> <!-- tearDown -->
        <test-method is-config="true" signature="launch()[pri:0, instance:allPages.ViewUser@fa36558]" started-at="2024-04-17T10:37:51 IST" name="launch" finished-at="2024-04-17T10:37:51 IST" duration-ms="0" status="PASS">
          <reporter-output>
          </reporter-output>
        </test-method> <!-- launch -->
        <test-method is-config="true" signature="setUp()[pri:0, instance:allPages.ViewUser@fa36558]" started-at="2024-04-17T10:37:51 IST" name="setUp" finished-at="2024-04-17T10:37:55 IST" duration-ms="4197" status="PASS">
          <reporter-output>
          </reporter-output>
        </test-method> <!-- setUp -->
        <test-method signature="TC08()[pri:9, instance:allPages.ViewUser@fa36558]" started-at="2024-04-17T10:37:55 IST" name="TC08" finished-at="2024-04-17T10:37:57 IST" duration-ms="1352" status="PASS">
          <reporter-output>
          </reporter-output>
        </test-method> <!-- TC08 -->
        <test-method is-config="true" signature="tearDown()[pri:0, instance:allPages.ViewUser@fa36558]" started-at="2024-04-17T10:37:57 IST" name="tearDown" finished-at="2024-04-17T10:38:00 IST" duration-ms="3335" status="PASS">
          <reporter-output>
          </reporter-output>
        </test-method> <!-- tearDown -->
        <test-method is-config="true" signature="launch()[pri:0, instance:allPages.ViewUser@fa36558]" started-at="2024-04-17T10:38:00 IST" name="launch" finished-at="2024-04-17T10:38:00 IST" duration-ms="0" status="PASS">
          <reporter-output>
          </reporter-output>
        </test-method> <!-- launch -->
        <test-method is-config="true" signature="setUp()[pri:0, instance:allPages.ViewUser@fa36558]" started-at="2024-04-17T10:38:00 IST" name="setUp" finished-at="2024-04-17T10:38:04 IST" duration-ms="4268" status="PASS">
          <reporter-output>
          </reporter-output>
        </test-method> <!-- setUp -->
        <test-method signature="TC09()[pri:10, instance:allPages.ViewUser@fa36558]" started-at="2024-04-17T10:38:04 IST" name="TC09" finished-at="2024-04-17T10:38:27 IST" duration-ms="22785" status="PASS">
          <reporter-output>
          </reporter-output>
        </test-method> <!-- TC09 -->
        <test-method is-config="true" signature="tearDown()[pri:0, instance:allPages.ViewUser@fa36558]" started-at="2024-04-17T10:38:27 IST" name="tearDown" finished-at="2024-04-17T10:38:31 IST" duration-ms="3540" status="PASS">
          <reporter-output>
          </reporter-output>
        </test-method> <!-- tearDown -->
        <test-method is-config="true" signature="setUp()[pri:0, instance:allPages.ViewUser@fa36558]" started-at="2024-04-17T10:38:31 IST" name="setUp" finished-at="2024-04-17T10:38:36 IST" duration-ms="5070" status="PASS">
          <reporter-output>
          </reporter-output>
        </test-method> <!-- setUp -->
        <test-method is-config="true" signature="launch()[pri:0, instance:allPages.ViewUser@fa36558]" started-at="2024-04-17T10:38:31 IST" name="launch" finished-at="2024-04-17T10:38:31 IST" duration-ms="0" status="PASS">
          <reporter-output>
          </reporter-output>
        </test-method> <!-- launch -->
        <test-method signature="TC10()[pri:11, instance:allPages.ViewUser@fa36558]" started-at="2024-04-17T10:38:36 IST" name="TC10" finished-at="2024-04-17T10:38:37 IST" duration-ms="1002" status="PASS">
          <reporter-output>
          </reporter-output>
        </test-method> <!-- TC10 -->
        <test-method is-config="true" signature="tearDown()[pri:0, instance:allPages.ViewUser@fa36558]" started-at="2024-04-17T10:38:37 IST" name="tearDown" finished-at="2024-04-17T10:38:40 IST" duration-ms="3183" status="PASS">
          <reporter-output>
          </reporter-output>
        </test-method> <!-- tearDown -->
        <test-method is-config="true" signature="setUp()[pri:0, instance:allPages.ViewUser@fa36558]" started-at="2024-04-17T10:38:40 IST" name="setUp" finished-at="2024-04-17T10:38:42 IST" duration-ms="2146" status="PASS">
          <reporter-output>
          </reporter-output>
        </test-method> <!-- setUp -->
        <test-method is-config="true" signature="launch()[pri:0, instance:allPages.ViewUser@fa36558]" started-at="2024-04-17T10:38:40 IST" name="launch" finished-at="2024-04-17T10:38:40 IST" duration-ms="0" status="PASS">
          <reporter-output>
          </reporter-output>
        </test-method> <!-- launch -->
        <test-method retried="true" signature="TC11()[pri:12, instance:allPages.ViewUser@fa36558]" started-at="2024-04-17T10:38:42 IST" name="TC11" finished-at="2024-04-17T10:38:53 IST" duration-ms="11140" status="SKIP">
          <exception class="org.openqa.selenium.ElementClickInterceptedException">
            <message>
              <![CDATA[element click intercepted: Element <button type="button" aria-label="Close" class="ant-modal-close">...</button> is not clickable at point (1104, 170). Other element would receive the click: <div tabindex="-1" class="ant-modal-wrap">...</div>
  (Session info: chrome=123.0.6312.123)
Build info: version: '4.18.1', revision: 'b1d3319b48'
System info: os.name: 'Windows 11', os.arch: 'amd64', os.version: '10.0', java.version: '21.0.2'
Driver info: org.openqa.selenium.chrome.ChromeDriver
Command: [f0ea29b14509c3ba21156fa43f1315bc, clickElement {id=f.C1B2D7F039E586082D9EB2A781D085A3.d.BBADEAC8B24599CA50E1BD12B2B7D29E.e.150}]
Capabilities {acceptInsecureCerts: false, browserName: chrome, browserVersion: 123.0.6312.123, chrome: {chromedriverVersion: 123.0.6312.122 (31f8248cdd9..., userDataDir: C:\Users\THIRUM~1\AppData\L...}, fedcm:accounts: true, goog:chromeOptions: {debuggerAddress: localhost:52267}, networkConnectionEnabled: false, pageLoadStrategy: normal, platformName: windows, proxy: Proxy(), se:cdp: ws://localhost:52267/devtoo..., se:cdpVersion: 123.0.6312.123, setWindowRect: true, strictFileInteractability: false, timeouts: {implicit: 0, pageLoad: 300000, script: 30000}, unhandledPromptBehavior: dismiss and notify, webauthn:extension:credBlob: true, webauthn:extension:largeBlob: true, webauthn:extension:minPinLength: true, webauthn:extension:prf: true, webauthn:virtualAuthenticators: true}
Element: [[ChromeDriver: chrome on windows (f0ea29b14509c3ba21156fa43f1315bc)] -> xpath: //button[@class='ant-modal-close']]
Session ID: f0ea29b14509c3ba21156fa43f1315bc]]>
            </message>
            <full-stacktrace>
              <![CDATA[org.openqa.selenium.ElementClickInterceptedException: element click intercepted: Element <button type="button" aria-label="Close" class="ant-modal-close">...</button> is not clickable at point (1104, 170). Other element would receive the click: <div tabindex="-1" class="ant-modal-wrap">...</div>
  (Session info: chrome=123.0.6312.123)
Build info: version: '4.18.1', revision: 'b1d3319b48'
System info: os.name: 'Windows 11', os.arch: 'amd64', os.version: '10.0', java.version: '21.0.2'
Driver info: org.openqa.selenium.chrome.ChromeDriver
Command: [f0ea29b14509c3ba21156fa43f1315bc, clickElement {id=f.C1B2D7F039E586082D9EB2A781D085A3.d.BBADEAC8B24599CA50E1BD12B2B7D29E.e.150}]
Capabilities {acceptInsecureCerts: false, browserName: chrome, browserVersion: 123.0.6312.123, chrome: {chromedriverVersion: 123.0.6312.122 (31f8248cdd9..., userDataDir: C:\Users\THIRUM~1\AppData\L...}, fedcm:accounts: true, goog:chromeOptions: {debuggerAddress: localhost:52267}, networkConnectionEnabled: false, pageLoadStrategy: normal, platformName: windows, proxy: Proxy(), se:cdp: ws://localhost:52267/devtoo..., se:cdpVersion: 123.0.6312.123, setWindowRect: true, strictFileInteractability: false, timeouts: {implicit: 0, pageLoad: 300000, script: 30000}, unhandledPromptBehavior: dismiss and notify, webauthn:extension:credBlob: true, webauthn:extension:largeBlob: true, webauthn:extension:minPinLength: true, webauthn:extension:prf: true, webauthn:virtualAuthenticators: true}
Element: [[ChromeDriver: chrome on windows (f0ea29b14509c3ba21156fa43f1315bc)] -> xpath: //button[@class='ant-modal-close']]
Session ID: f0ea29b14509c3ba21156fa43f1315bc
at java.base/jdk.internal.reflect.DirectConstructorHandleAccessor.newInstance(DirectConstructorHandleAccessor.java:62)
at java.base/java.lang.reflect.Constructor.newInstanceWithCaller(Constructor.java:502)
at java.base/java.lang.reflect.Constructor.newInstance(Constructor.java:486)
at org.openqa.selenium.remote.ErrorCodec.decode(ErrorCodec.java:167)
at org.openqa.selenium.remote.codec.w3c.W3CHttpResponseCodec.decode(W3CHttpResponseCodec.java:138)
at org.openqa.selenium.remote.codec.w3c.W3CHttpResponseCodec.decode(W3CHttpResponseCodec.java:50)
at org.openqa.selenium.remote.HttpCommandExecutor.execute(HttpCommandExecutor.java:190)
at org.openqa.selenium.remote.service.DriverCommandExecutor.invokeExecute(DriverCommandExecutor.java:216)
at org.openqa.selenium.remote.service.DriverCommandExecutor.execute(DriverCommandExecutor.java:174)
at org.openqa.selenium.remote.RemoteWebDriver.execute(RemoteWebDriver.java:519)
at org.openqa.selenium.remote.RemoteWebElement.execute(RemoteWebElement.java:223)
at org.openqa.selenium.remote.RemoteWebElement.click(RemoteWebElement.java:76)
at allPages.ViewUser.TC11(ViewUser.java:374)
at java.base/jdk.internal.reflect.DirectMethodHandleAccessor.invoke(DirectMethodHandleAccessor.java:103)
at java.base/java.lang.reflect.Method.invoke(Method.java:580)
at org.testng.internal.invokers.MethodInvocationHelper.invokeMethod(MethodInvocationHelper.java:139)
at org.testng.internal.invokers.TestInvoker.invokeMethod(TestInvoker.java:664)
at org.testng.internal.invokers.TestInvoker.invokeTestMethod(TestInvoker.java:228)
at org.testng.internal.invokers.MethodRunner.runInSequence(MethodRunner.java:63)
at org.testng.internal.invokers.TestInvoker$MethodInvocationAgent.invoke(TestInvoker.java:961)
at org.testng.internal.invokers.TestInvoker.invokeTestMethods(TestInvoker.java:201)
at org.testng.internal.invokers.TestMethodWorker.invokeTestMethods(TestMethodWorker.java:148)
at org.testng.internal.invokers.TestMethodWorker.run(TestMethodWorker.java:128)
at java.base/java.util.ArrayList.forEach(ArrayList.java:1596)
at org.testng.TestRunner.privateRun(TestRunner.java:819)
at org.testng.TestRunner.run(TestRunner.java:619)
at org.testng.SuiteRunner.runTest(SuiteRunner.java:443)
at org.testng.SuiteRunner.runSequentially(SuiteRunner.java:437)
at org.testng.SuiteRunner.privateRun(SuiteRunner.java:397)
at org.testng.SuiteRunner.run(SuiteRunner.java:336)
at org.testng.SuiteRunnerWorker.runSuite(SuiteRunnerWorker.java:52)
at org.testng.SuiteRunnerWorker.run(SuiteRunnerWorker.java:95)
at org.testng.TestNG.runSuitesSequentially(TestNG.java:1301)
at org.testng.TestNG.runSuitesLocally(TestNG.java:1228)
at org.testng.TestNG.runSuites(TestNG.java:1134)
at org.testng.TestNG.run(TestNG.java:1101)
at org.testng.remote.AbstractRemoteTestNG.run(AbstractRemoteTestNG.java:115)
at org.testng.remote.RemoteTestNG.initAndRun(RemoteTestNG.java:251)
at org.testng.remote.RemoteTestNG.main(RemoteTestNG.java:77)
]]>
            </full-stacktrace>
          </exception> <!-- org.openqa.selenium.ElementClickInterceptedException -->
          <reporter-output>
          </reporter-output>
        </test-method> <!-- TC11 -->
        <test-method is-config="true" signature="tearDown()[pri:0, instance:allPages.ViewUser@fa36558]" started-at="2024-04-17T10:38:53 IST" name="tearDown" finished-at="2024-04-17T10:38:56 IST" duration-ms="3233" status="PASS">
          <reporter-output>
          </reporter-output>
        </test-method> <!-- tearDown -->
        <test-method is-config="true" signature="setUp()[pri:0, instance:allPages.ViewUser@fa36558]" started-at="2024-04-17T10:38:56 IST" name="setUp" finished-at="2024-04-17T10:38:59 IST" duration-ms="2910" status="PASS">
          <reporter-output>
          </reporter-output>
        </test-method> <!-- setUp -->
        <test-method is-config="true" signature="launch()[pri:0, instance:allPages.ViewUser@fa36558]" started-at="2024-04-17T10:38:56 IST" name="launch" finished-at="2024-04-17T10:38:56 IST" duration-ms="0" status="PASS">
          <reporter-output>
          </reporter-output>
        </test-method> <!-- launch -->
        <test-method retried="true" signature="TC11()[pri:12, instance:allPages.ViewUser@fa36558]" started-at="2024-04-17T10:38:59 IST" name="TC11" finished-at="2024-04-17T10:39:10 IST" duration-ms="10822" status="SKIP">
          <exception class="org.openqa.selenium.ElementClickInterceptedException">
            <message>
              <![CDATA[element click intercepted: Element <button type="button" aria-label="Close" class="ant-modal-close">...</button> is not clickable at point (1108, 174). Other element would receive the click: <div tabindex="-1" class="ant-modal-wrap">...</div>
  (Session info: chrome=123.0.6312.123)
Build info: version: '4.18.1', revision: 'b1d3319b48'
System info: os.name: 'Windows 11', os.arch: 'amd64', os.version: '10.0', java.version: '21.0.2'
Driver info: org.openqa.selenium.chrome.ChromeDriver
Command: [66d9225d5307d7f02795656785ac82ca, clickElement {id=f.E50EFDCCFD6D2DC938F7C59C17962A31.d.DDCE0BFD68188C0F95494693E86E31DF.e.2808}]
Capabilities {acceptInsecureCerts: false, browserName: chrome, browserVersion: 123.0.6312.123, chrome: {chromedriverVersion: 123.0.6312.122 (31f8248cdd9..., userDataDir: C:\Users\THIRUM~1\AppData\L...}, fedcm:accounts: true, goog:chromeOptions: {debuggerAddress: localhost:52362}, networkConnectionEnabled: false, pageLoadStrategy: normal, platformName: windows, proxy: Proxy(), se:cdp: ws://localhost:52362/devtoo..., se:cdpVersion: 123.0.6312.123, setWindowRect: true, strictFileInteractability: false, timeouts: {implicit: 0, pageLoad: 300000, script: 30000}, unhandledPromptBehavior: dismiss and notify, webauthn:extension:credBlob: true, webauthn:extension:largeBlob: true, webauthn:extension:minPinLength: true, webauthn:extension:prf: true, webauthn:virtualAuthenticators: true}
Element: [[ChromeDriver: chrome on windows (66d9225d5307d7f02795656785ac82ca)] -> xpath: //button[@class='ant-modal-close']]
Session ID: 66d9225d5307d7f02795656785ac82ca]]>
            </message>
            <full-stacktrace>
              <![CDATA[org.openqa.selenium.ElementClickInterceptedException: element click intercepted: Element <button type="button" aria-label="Close" class="ant-modal-close">...</button> is not clickable at point (1108, 174). Other element would receive the click: <div tabindex="-1" class="ant-modal-wrap">...</div>
  (Session info: chrome=123.0.6312.123)
Build info: version: '4.18.1', revision: 'b1d3319b48'
System info: os.name: 'Windows 11', os.arch: 'amd64', os.version: '10.0', java.version: '21.0.2'
Driver info: org.openqa.selenium.chrome.ChromeDriver
Command: [66d9225d5307d7f02795656785ac82ca, clickElement {id=f.E50EFDCCFD6D2DC938F7C59C17962A31.d.DDCE0BFD68188C0F95494693E86E31DF.e.2808}]
Capabilities {acceptInsecureCerts: false, browserName: chrome, browserVersion: 123.0.6312.123, chrome: {chromedriverVersion: 123.0.6312.122 (31f8248cdd9..., userDataDir: C:\Users\THIRUM~1\AppData\L...}, fedcm:accounts: true, goog:chromeOptions: {debuggerAddress: localhost:52362}, networkConnectionEnabled: false, pageLoadStrategy: normal, platformName: windows, proxy: Proxy(), se:cdp: ws://localhost:52362/devtoo..., se:cdpVersion: 123.0.6312.123, setWindowRect: true, strictFileInteractability: false, timeouts: {implicit: 0, pageLoad: 300000, script: 30000}, unhandledPromptBehavior: dismiss and notify, webauthn:extension:credBlob: true, webauthn:extension:largeBlob: true, webauthn:extension:minPinLength: true, webauthn:extension:prf: true, webauthn:virtualAuthenticators: true}
Element: [[ChromeDriver: chrome on windows (66d9225d5307d7f02795656785ac82ca)] -> xpath: //button[@class='ant-modal-close']]
Session ID: 66d9225d5307d7f02795656785ac82ca
at java.base/jdk.internal.reflect.DirectConstructorHandleAccessor.newInstance(DirectConstructorHandleAccessor.java:62)
at java.base/java.lang.reflect.Constructor.newInstanceWithCaller(Constructor.java:502)
at java.base/java.lang.reflect.Constructor.newInstance(Constructor.java:486)
at org.openqa.selenium.remote.ErrorCodec.decode(ErrorCodec.java:167)
at org.openqa.selenium.remote.codec.w3c.W3CHttpResponseCodec.decode(W3CHttpResponseCodec.java:138)
at org.openqa.selenium.remote.codec.w3c.W3CHttpResponseCodec.decode(W3CHttpResponseCodec.java:50)
at org.openqa.selenium.remote.HttpCommandExecutor.execute(HttpCommandExecutor.java:190)
at org.openqa.selenium.remote.service.DriverCommandExecutor.invokeExecute(DriverCommandExecutor.java:216)
at org.openqa.selenium.remote.service.DriverCommandExecutor.execute(DriverCommandExecutor.java:174)
at org.openqa.selenium.remote.RemoteWebDriver.execute(RemoteWebDriver.java:519)
at org.openqa.selenium.remote.RemoteWebElement.execute(RemoteWebElement.java:223)
at org.openqa.selenium.remote.RemoteWebElement.click(RemoteWebElement.java:76)
at allPages.ViewUser.TC11(ViewUser.java:374)
at java.base/jdk.internal.reflect.DirectMethodHandleAccessor.invoke(DirectMethodHandleAccessor.java:103)
at java.base/java.lang.reflect.Method.invoke(Method.java:580)
at org.testng.internal.invokers.MethodInvocationHelper.invokeMethod(MethodInvocationHelper.java:139)
at org.testng.internal.invokers.TestInvoker.invokeMethod(TestInvoker.java:664)
at org.testng.internal.invokers.TestInvoker.retryFailed(TestInvoker.java:249)
at org.testng.internal.invokers.MethodRunner.runInSequence(MethodRunner.java:76)
at org.testng.internal.invokers.TestInvoker$MethodInvocationAgent.invoke(TestInvoker.java:961)
at org.testng.internal.invokers.TestInvoker.invokeTestMethods(TestInvoker.java:201)
at org.testng.internal.invokers.TestMethodWorker.invokeTestMethods(TestMethodWorker.java:148)
at org.testng.internal.invokers.TestMethodWorker.run(TestMethodWorker.java:128)
at java.base/java.util.ArrayList.forEach(ArrayList.java:1596)
at org.testng.TestRunner.privateRun(TestRunner.java:819)
at org.testng.TestRunner.run(TestRunner.java:619)
at org.testng.SuiteRunner.runTest(SuiteRunner.java:443)
at org.testng.SuiteRunner.runSequentially(SuiteRunner.java:437)
at org.testng.SuiteRunner.privateRun(SuiteRunner.java:397)
at org.testng.SuiteRunner.run(SuiteRunner.java:336)
at org.testng.SuiteRunnerWorker.runSuite(SuiteRunnerWorker.java:52)
at org.testng.SuiteRunnerWorker.run(SuiteRunnerWorker.java:95)
at org.testng.TestNG.runSuitesSequentially(TestNG.java:1301)
at org.testng.TestNG.runSuitesLocally(TestNG.java:1228)
at org.testng.TestNG.runSuites(TestNG.java:1134)
at org.testng.TestNG.run(TestNG.java:1101)
at org.testng.remote.AbstractRemoteTestNG.run(AbstractRemoteTestNG.java:115)
at org.testng.remote.RemoteTestNG.initAndRun(RemoteTestNG.java:251)
at org.testng.remote.RemoteTestNG.main(RemoteTestNG.java:77)
]]>
            </full-stacktrace>
          </exception> <!-- org.openqa.selenium.ElementClickInterceptedException -->
          <reporter-output>
          </reporter-output>
        </test-method> <!-- TC11 -->
        <test-method is-config="true" signature="tearDown()[pri:0, instance:allPages.ViewUser@fa36558]" started-at="2024-04-17T10:39:10 IST" name="tearDown" finished-at="2024-04-17T10:39:13 IST" duration-ms="3320" status="PASS">
          <reporter-output>
          </reporter-output>
        </test-method> <!-- tearDown -->
        <test-method is-config="true" signature="launch()[pri:0, instance:allPages.ViewUser@fa36558]" started-at="2024-04-17T10:39:13 IST" name="launch" finished-at="2024-04-17T10:39:13 IST" duration-ms="1" status="PASS">
          <reporter-output>
          </reporter-output>
        </test-method> <!-- launch -->
        <test-method is-config="true" signature="setUp()[pri:0, instance:allPages.ViewUser@fa36558]" started-at="2024-04-17T10:39:13 IST" name="setUp" finished-at="2024-04-17T10:39:16 IST" duration-ms="3018" status="PASS">
          <reporter-output>
          </reporter-output>
        </test-method> <!-- setUp -->
        <test-method signature="TC11()[pri:12, instance:allPages.ViewUser@fa36558]" started-at="2024-04-17T10:39:16 IST" name="TC11" finished-at="2024-04-17T10:39:26 IST" duration-ms="9995" status="PASS">
          <reporter-output>
          </reporter-output>
        </test-method> <!-- TC11 -->
        <test-method is-config="true" signature="tearDown()[pri:0, instance:allPages.ViewUser@fa36558]" started-at="2024-04-17T10:39:26 IST" name="tearDown" finished-at="2024-04-17T10:39:30 IST" duration-ms="3212" status="PASS">
          <reporter-output>
          </reporter-output>
        </test-method> <!-- tearDown -->
        <test-method is-config="true" signature="setUp()[pri:0, instance:allPages.ViewUser@fa36558]" started-at="2024-04-17T10:39:30 IST" name="setUp" finished-at="2024-04-17T10:39:32 IST" duration-ms="2675" status="PASS">
          <reporter-output>
          </reporter-output>
        </test-method> <!-- setUp -->
        <test-method is-config="true" signature="launch()[pri:0, instance:allPages.ViewUser@fa36558]" started-at="2024-04-17T10:39:30 IST" name="launch" finished-at="2024-04-17T10:39:30 IST" duration-ms="0" status="PASS">
          <reporter-output>
          </reporter-output>
        </test-method> <!-- launch -->
        <test-method signature="TC12()[pri:13, instance:allPages.ViewUser@fa36558]" started-at="2024-04-17T10:39:32 IST" name="TC12" finished-at="2024-04-17T10:39:44 IST" duration-ms="11691" status="PASS">
          <reporter-output>
          </reporter-output>
        </test-method> <!-- TC12 -->
        <test-method is-config="true" signature="tearDown()[pri:0, instance:allPages.ViewUser@fa36558]" started-at="2024-04-17T10:39:44 IST" name="tearDown" finished-at="2024-04-17T10:39:47 IST" duration-ms="3424" status="PASS">
          <reporter-output>
          </reporter-output>
        </test-method> <!-- tearDown -->
        <test-method is-config="true" signature="setUp()[pri:0, instance:allPages.ViewUser@fa36558]" started-at="2024-04-17T10:39:47 IST" name="setUp" finished-at="2024-04-17T10:39:51 IST" duration-ms="3172" status="PASS">
          <reporter-output>
          </reporter-output>
        </test-method> <!-- setUp -->
        <test-method is-config="true" signature="launch()[pri:0, instance:allPages.ViewUser@fa36558]" started-at="2024-04-17T10:39:47 IST" name="launch" finished-at="2024-04-17T10:39:47 IST" duration-ms="0" status="PASS">
          <reporter-output>
          </reporter-output>
        </test-method> <!-- launch -->
        <test-method signature="TC13()[pri:14, instance:allPages.ViewUser@fa36558]" started-at="2024-04-17T10:39:51 IST" name="TC13" finished-at="2024-04-17T10:39:51 IST" duration-ms="744" status="PASS">
          <reporter-output>
          </reporter-output>
        </test-method> <!-- TC13 -->
        <test-method is-config="true" signature="tearDown()[pri:0, instance:allPages.ViewUser@fa36558]" started-at="2024-04-17T10:39:51 IST" name="tearDown" finished-at="2024-04-17T10:39:55 IST" duration-ms="3299" status="PASS">
          <reporter-output>
          </reporter-output>
        </test-method> <!-- tearDown -->
        <test-method is-config="true" signature="launch()[pri:0, instance:allPages.ViewUser@fa36558]" started-at="2024-04-17T10:39:55 IST" name="launch" finished-at="2024-04-17T10:39:55 IST" duration-ms="1" status="PASS">
          <reporter-output>
          </reporter-output>
        </test-method> <!-- launch -->
        <test-method is-config="true" signature="setUp()[pri:0, instance:allPages.ViewUser@fa36558]" started-at="2024-04-17T10:39:55 IST" name="setUp" finished-at="2024-04-17T10:39:57 IST" duration-ms="2571" status="PASS">
          <reporter-output>
          </reporter-output>
        </test-method> <!-- setUp -->
        <test-method signature="TC14()[pri:15, instance:allPages.ViewUser@fa36558]" started-at="2024-04-17T10:39:57 IST" name="TC14" finished-at="2024-04-17T10:40:09 IST" duration-ms="12219" status="PASS">
          <reporter-output>
          </reporter-output>
        </test-method> <!-- TC14 -->
        <test-method is-config="true" signature="tearDown()[pri:0, instance:allPages.ViewUser@fa36558]" started-at="2024-04-17T10:40:09 IST" name="tearDown" finished-at="2024-04-17T10:40:13 IST" duration-ms="3239" status="PASS">
          <reporter-output>
          </reporter-output>
        </test-method> <!-- tearDown -->
        <test-method is-config="true" signature="setUp()[pri:0, instance:allPages.ViewUser@fa36558]" started-at="2024-04-17T10:40:13 IST" name="setUp" finished-at="2024-04-17T10:40:15 IST" duration-ms="2736" status="PASS">
          <reporter-output>
          </reporter-output>
        </test-method> <!-- setUp -->
        <test-method is-config="true" signature="launch()[pri:0, instance:allPages.ViewUser@fa36558]" started-at="2024-04-17T10:40:13 IST" name="launch" finished-at="2024-04-17T10:40:13 IST" duration-ms="0" status="PASS">
          <reporter-output>
          </reporter-output>
        </test-method> <!-- launch -->
        <test-method signature="TC15()[pri:16, instance:allPages.ViewUser@fa36558]" started-at="2024-04-17T10:40:15 IST" name="TC15" finished-at="2024-04-17T10:40:33 IST" duration-ms="17802" status="PASS">
          <reporter-output>
          </reporter-output>
        </test-method> <!-- TC15 -->
        <test-method is-config="true" signature="tearDown()[pri:0, instance:allPages.ViewUser@fa36558]" started-at="2024-04-17T10:40:33 IST" name="tearDown" finished-at="2024-04-17T10:40:36 IST" duration-ms="3277" status="PASS">
          <reporter-output>
          </reporter-output>
        </test-method> <!-- tearDown -->
        <test-method is-config="true" signature="setUp()[pri:0, instance:allPages.ViewUser@fa36558]" started-at="2024-04-17T10:40:36 IST" name="setUp" finished-at="2024-04-17T10:40:39 IST" duration-ms="2434" status="PASS">
          <reporter-output>
          </reporter-output>
        </test-method> <!-- setUp -->
        <test-method is-config="true" signature="launch()[pri:0, instance:allPages.ViewUser@fa36558]" started-at="2024-04-17T10:40:36 IST" name="launch" finished-at="2024-04-17T10:40:36 IST" duration-ms="0" status="PASS">
          <reporter-output>
          </reporter-output>
        </test-method> <!-- launch -->
        <test-method signature="TC16()[pri:17, instance:allPages.ViewUser@fa36558]" started-at="2024-04-17T10:40:39 IST" name="TC16" finished-at="2024-04-17T10:40:42 IST" duration-ms="3029" status="PASS">
          <reporter-output>
          </reporter-output>
        </test-method> <!-- TC16 -->
        <test-method is-config="true" signature="tearDown()[pri:0, instance:allPages.ViewUser@fa36558]" started-at="2024-04-17T10:40:42 IST" name="tearDown" finished-at="2024-04-17T10:40:45 IST" duration-ms="3190" status="PASS">
          <reporter-output>
          </reporter-output>
        </test-method> <!-- tearDown -->
        <test-method is-config="true" signature="setUp()[pri:0, instance:allPages.ViewUser@fa36558]" started-at="2024-04-17T10:40:45 IST" name="setUp" finished-at="2024-04-17T10:40:48 IST" duration-ms="2626" status="PASS">
          <reporter-output>
          </reporter-output>
        </test-method> <!-- setUp -->
        <test-method is-config="true" signature="launch()[pri:0, instance:allPages.ViewUser@fa36558]" started-at="2024-04-17T10:40:45 IST" name="launch" finished-at="2024-04-17T10:40:45 IST" duration-ms="0" status="PASS">
          <reporter-output>
          </reporter-output>
        </test-method> <!-- launch -->
        <test-method signature="TC17()[pri:18, instance:allPages.ViewUser@fa36558]" started-at="2024-04-17T10:40:48 IST" name="TC17" finished-at="2024-04-17T10:41:00 IST" duration-ms="12037" status="PASS">
          <reporter-output>
          </reporter-output>
        </test-method> <!-- TC17 -->
        <test-method is-config="true" signature="tearDown()[pri:0, instance:allPages.ViewUser@fa36558]" started-at="2024-04-17T10:41:00 IST" name="tearDown" finished-at="2024-04-17T10:41:03 IST" duration-ms="3397" status="PASS">
          <reporter-output>
          </reporter-output>
        </test-method> <!-- tearDown -->
        <test-method is-config="true" signature="setUp()[pri:0, instance:allPages.ViewUser@fa36558]" started-at="2024-04-17T10:41:03 IST" name="setUp" finished-at="2024-04-17T10:41:06 IST" duration-ms="3197" status="PASS">
          <reporter-output>
          </reporter-output>
        </test-method> <!-- setUp -->
        <test-method is-config="true" signature="launch()[pri:0, instance:allPages.ViewUser@fa36558]" started-at="2024-04-17T10:41:03 IST" name="launch" finished-at="2024-04-17T10:41:03 IST" duration-ms="0" status="PASS">
          <reporter-output>
          </reporter-output>
        </test-method> <!-- launch -->
        <test-method signature="TC18()[pri:19, instance:allPages.ViewUser@fa36558]" started-at="2024-04-17T10:41:06 IST" name="TC18" finished-at="2024-04-17T10:41:20 IST" duration-ms="13427" status="PASS">
          <reporter-output>
          </reporter-output>
        </test-method> <!-- TC18 -->
        <test-method is-config="true" signature="tearDown()[pri:0, instance:allPages.ViewUser@fa36558]" started-at="2024-04-17T10:41:20 IST" name="tearDown" finished-at="2024-04-17T10:41:23 IST" duration-ms="3209" status="PASS">
          <reporter-output>
          </reporter-output>
        </test-method> <!-- tearDown -->
        <test-method is-config="true" signature="launch()[pri:0, instance:allPages.ViewUser@fa36558]" started-at="2024-04-17T10:41:23 IST" name="launch" finished-at="2024-04-17T10:41:23 IST" duration-ms="0" status="PASS">
          <reporter-output>
          </reporter-output>
        </test-method> <!-- launch -->
        <test-method is-config="true" signature="setUp()[pri:0, instance:allPages.ViewUser@fa36558]" started-at="2024-04-17T10:41:23 IST" name="setUp" finished-at="2024-04-17T10:41:26 IST" duration-ms="3435" status="PASS">
          <reporter-output>
          </reporter-output>
        </test-method> <!-- setUp -->
        <test-method signature="TC19()[pri:20, instance:allPages.ViewUser@fa36558]" started-at="2024-04-17T10:41:26 IST" name="TC19" finished-at="2024-04-17T10:41:45 IST" duration-ms="18692" status="PASS">
          <reporter-output>
          </reporter-output>
        </test-method> <!-- TC19 -->
        <test-method is-config="true" signature="tearDown()[pri:0, instance:allPages.ViewUser@fa36558]" started-at="2024-04-17T10:41:45 IST" name="tearDown" finished-at="2024-04-17T10:41:48 IST" duration-ms="3296" status="PASS">
          <reporter-output>
          </reporter-output>
        </test-method> <!-- tearDown -->
        <test-method is-config="true" signature="launch()[pri:0, instance:allPages.ViewUser@fa36558]" started-at="2024-04-17T10:41:48 IST" name="launch" finished-at="2024-04-17T10:41:48 IST" duration-ms="0" status="PASS">
          <reporter-output>
          </reporter-output>
        </test-method> <!-- launch -->
        <test-method is-config="true" signature="setUp()[pri:0, instance:allPages.ViewUser@fa36558]" started-at="2024-04-17T10:41:48 IST" name="setUp" finished-at="2024-04-17T10:41:51 IST" duration-ms="2809" status="PASS">
          <reporter-output>
          </reporter-output>
        </test-method> <!-- setUp -->
        <test-method signature="TC20()[pri:21, instance:allPages.ViewUser@fa36558]" started-at="2024-04-17T10:41:51 IST" name="TC20" finished-at="2024-04-17T10:42:22 IST" duration-ms="30929" status="PASS">
          <reporter-output>
          </reporter-output>
        </test-method> <!-- TC20 -->
        <test-method is-config="true" signature="tearDown()[pri:0, instance:allPages.ViewUser@fa36558]" started-at="2024-04-17T10:42:22 IST" name="tearDown" finished-at="2024-04-17T10:42:26 IST" duration-ms="3340" status="PASS">
          <reporter-output>
          </reporter-output>
        </test-method> <!-- tearDown -->
        <test-method is-config="true" signature="launch()[pri:0, instance:allPages.ViewUser@fa36558]" started-at="2024-04-17T10:42:26 IST" name="launch" finished-at="2024-04-17T10:42:26 IST" duration-ms="1" status="PASS">
          <reporter-output>
          </reporter-output>
        </test-method> <!-- launch -->
        <test-method is-config="true" signature="setUp()[pri:0, instance:allPages.ViewUser@fa36558]" started-at="2024-04-17T10:42:26 IST" name="setUp" finished-at="2024-04-17T10:42:29 IST" duration-ms="3668" status="PASS">
          <reporter-output>
          </reporter-output>
        </test-method> <!-- setUp -->
        <test-method signature="TC21()[pri:22, instance:allPages.ViewUser@fa36558]" started-at="2024-04-17T10:42:29 IST" name="TC21" finished-at="2024-04-17T10:42:39 IST" duration-ms="10246" status="PASS">
          <reporter-output>
          </reporter-output>
        </test-method> <!-- TC21 -->
        <test-method is-config="true" signature="tearDown()[pri:0, instance:allPages.ViewUser@fa36558]" started-at="2024-04-17T10:42:39 IST" name="tearDown" finished-at="2024-04-17T10:42:43 IST" duration-ms="3381" status="PASS">
          <reporter-output>
          </reporter-output>
        </test-method> <!-- tearDown -->
        <test-method is-config="true" signature="launch()[pri:0, instance:allPages.ViewUser@fa36558]" started-at="2024-04-17T10:42:43 IST" name="launch" finished-at="2024-04-17T10:42:43 IST" duration-ms="0" status="PASS">
          <reporter-output>
          </reporter-output>
        </test-method> <!-- launch -->
        <test-method is-config="true" signature="setUp()[pri:0, instance:allPages.ViewUser@fa36558]" started-at="2024-04-17T10:42:43 IST" name="setUp" finished-at="2024-04-17T10:42:46 IST" duration-ms="3015" status="PASS">
          <reporter-output>
          </reporter-output>
        </test-method> <!-- setUp -->
        <test-method signature="TC22()[pri:23, instance:allPages.ViewUser@fa36558]" started-at="2024-04-17T10:42:46 IST" name="TC22" finished-at="2024-04-17T10:43:05 IST" duration-ms="19352" status="PASS">
          <reporter-output>
          </reporter-output>
        </test-method> <!-- TC22 -->
        <test-method is-config="true" signature="tearDown()[pri:0, instance:allPages.ViewUser@fa36558]" started-at="2024-04-17T10:43:05 IST" name="tearDown" finished-at="2024-04-17T10:43:08 IST" duration-ms="3253" status="PASS">
          <reporter-output>
          </reporter-output>
        </test-method> <!-- tearDown -->
        <test-method is-config="true" signature="launch()[pri:0, instance:allPages.ViewUser@fa36558]" started-at="2024-04-17T10:43:08 IST" name="launch" finished-at="2024-04-17T10:43:08 IST" duration-ms="0" status="PASS">
          <reporter-output>
          </reporter-output>
        </test-method> <!-- launch -->
        <test-method is-config="true" signature="setUp()[pri:0, instance:allPages.ViewUser@fa36558]" started-at="2024-04-17T10:43:08 IST" name="setUp" finished-at="2024-04-17T10:43:12 IST" duration-ms="3695" status="PASS">
          <reporter-output>
          </reporter-output>
        </test-method> <!-- setUp -->
        <test-method signature="TC24()[pri:25, instance:allPages.ViewUser@fa36558]" started-at="2024-04-17T10:43:12 IST" name="TC24" finished-at="2024-04-17T10:43:26 IST" duration-ms="14173" status="PASS">
          <reporter-output>
          </reporter-output>
        </test-method> <!-- TC24 -->
        <test-method is-config="true" signature="tearDown()[pri:0, instance:allPages.ViewUser@fa36558]" started-at="2024-04-17T10:43:26 IST" name="tearDown" finished-at="2024-04-17T10:43:30 IST" duration-ms="3228" status="PASS">
          <reporter-output>
          </reporter-output>
        </test-method> <!-- tearDown -->
        <test-method is-config="true" signature="setUp()[pri:0, instance:allPages.ViewUser@fa36558]" started-at="2024-04-17T10:43:30 IST" name="setUp" finished-at="2024-04-17T10:43:32 IST" duration-ms="2954" status="PASS">
          <reporter-output>
          </reporter-output>
        </test-method> <!-- setUp -->
        <test-method is-config="true" signature="launch()[pri:0, instance:allPages.ViewUser@fa36558]" started-at="2024-04-17T10:43:30 IST" name="launch" finished-at="2024-04-17T10:43:30 IST" duration-ms="0" status="PASS">
          <reporter-output>
          </reporter-output>
        </test-method> <!-- launch -->
        <test-method signature="TC25()[pri:26, instance:allPages.ViewUser@fa36558]" started-at="2024-04-17T10:43:32 IST" name="TC25" finished-at="2024-04-17T10:43:33 IST" duration-ms="679" status="PASS">
          <reporter-output>
          </reporter-output>
        </test-method> <!-- TC25 -->
        <test-method is-config="true" signature="tearDown()[pri:0, instance:allPages.ViewUser@fa36558]" started-at="2024-04-17T10:43:33 IST" name="tearDown" finished-at="2024-04-17T10:43:36 IST" duration-ms="3269" status="PASS">
          <reporter-output>
          </reporter-output>
        </test-method> <!-- tearDown -->
        <test-method is-config="true" signature="setUp()[pri:0, instance:allPages.ViewUser@fa36558]" started-at="2024-04-17T10:43:36 IST" name="setUp" finished-at="2024-04-17T10:43:39 IST" duration-ms="2717" status="PASS">
          <reporter-output>
          </reporter-output>
        </test-method> <!-- setUp -->
        <test-method is-config="true" signature="launch()[pri:0, instance:allPages.ViewUser@fa36558]" started-at="2024-04-17T10:43:36 IST" name="launch" finished-at="2024-04-17T10:43:36 IST" duration-ms="0" status="PASS">
          <reporter-output>
          </reporter-output>
        </test-method> <!-- launch -->
        <test-method signature="TC26()[pri:27, instance:allPages.ViewUser@fa36558]" started-at="2024-04-17T10:43:39 IST" name="TC26" finished-at="2024-04-17T10:43:49 IST" duration-ms="10217" status="PASS">
          <reporter-output>
          </reporter-output>
        </test-method> <!-- TC26 -->
        <test-method is-config="true" signature="tearDown()[pri:0, instance:allPages.ViewUser@fa36558]" started-at="2024-04-17T10:43:49 IST" name="tearDown" finished-at="2024-04-17T10:43:53 IST" duration-ms="3479" status="PASS">
          <reporter-output>
          </reporter-output>
        </test-method> <!-- tearDown -->
        <test-method is-config="true" signature="launch()[pri:0, instance:allPages.ViewUser@fa36558]" started-at="2024-04-17T10:43:53 IST" name="launch" finished-at="2024-04-17T10:43:53 IST" duration-ms="0" status="PASS">
          <reporter-output>
          </reporter-output>
        </test-method> <!-- launch -->
        <test-method is-config="true" signature="setUp()[pri:0, instance:allPages.ViewUser@fa36558]" started-at="2024-04-17T10:43:53 IST" name="setUp" finished-at="2024-04-17T10:43:56 IST" duration-ms="3162" status="PASS">
          <reporter-output>
          </reporter-output>
        </test-method> <!-- setUp -->
        <test-method retried="true" signature="TC27()[pri:28, instance:allPages.ViewUser@fa36558]" started-at="2024-04-17T10:43:56 IST" name="TC27" finished-at="2024-04-17T10:44:40 IST" duration-ms="44203" status="SKIP">
          <exception class="org.openqa.selenium.NoSuchElementException">
            <message>
              <![CDATA[no such element: Unable to locate element: {"method":"xpath","selector":"//*[@id="kt_content_container"]/div[1]/div[2]/ul/li[3]/a/span"}
  (Session info: chrome=123.0.6312.123)
For documentation on this error, please visit: https://www.selenium.dev/documentation/webdriver/troubleshooting/errors#no-such-element-exception
Build info: version: '4.18.1', revision: 'b1d3319b48'
System info: os.name: 'Windows 11', os.arch: 'amd64', os.version: '10.0', java.version: '21.0.2'
Driver info: org.openqa.selenium.chrome.ChromeDriver
Command: [c301710270baf21fdd5300033f420a9f, findElement {using=xpath, value=//*[@id="kt_content_container"]/div[1]/div[2]/ul/li[3]/a/span}]
Capabilities {acceptInsecureCerts: false, browserName: chrome, browserVersion: 123.0.6312.123, chrome: {chromedriverVersion: 123.0.6312.122 (31f8248cdd9..., userDataDir: C:\Users\THIRUM~1\AppData\L...}, fedcm:accounts: true, goog:chromeOptions: {debuggerAddress: localhost:53491}, networkConnectionEnabled: false, pageLoadStrategy: normal, platformName: windows, proxy: Proxy(), se:cdp: ws://localhost:53491/devtoo..., se:cdpVersion: 123.0.6312.123, setWindowRect: true, strictFileInteractability: false, timeouts: {implicit: 0, pageLoad: 300000, script: 30000}, unhandledPromptBehavior: dismiss and notify, webauthn:extension:credBlob: true, webauthn:extension:largeBlob: true, webauthn:extension:minPinLength: true, webauthn:extension:prf: true, webauthn:virtualAuthenticators: true}
Session ID: c301710270baf21fdd5300033f420a9f]]>
            </message>
            <full-stacktrace>
              <![CDATA[org.openqa.selenium.NoSuchElementException: no such element: Unable to locate element: {"method":"xpath","selector":"//*[@id="kt_content_container"]/div[1]/div[2]/ul/li[3]/a/span"}
  (Session info: chrome=123.0.6312.123)
For documentation on this error, please visit: https://www.selenium.dev/documentation/webdriver/troubleshooting/errors#no-such-element-exception
Build info: version: '4.18.1', revision: 'b1d3319b48'
System info: os.name: 'Windows 11', os.arch: 'amd64', os.version: '10.0', java.version: '21.0.2'
Driver info: org.openqa.selenium.chrome.ChromeDriver
Command: [c301710270baf21fdd5300033f420a9f, findElement {using=xpath, value=//*[@id="kt_content_container"]/div[1]/div[2]/ul/li[3]/a/span}]
Capabilities {acceptInsecureCerts: false, browserName: chrome, browserVersion: 123.0.6312.123, chrome: {chromedriverVersion: 123.0.6312.122 (31f8248cdd9..., userDataDir: C:\Users\THIRUM~1\AppData\L...}, fedcm:accounts: true, goog:chromeOptions: {debuggerAddress: localhost:53491}, networkConnectionEnabled: false, pageLoadStrategy: normal, platformName: windows, proxy: Proxy(), se:cdp: ws://localhost:53491/devtoo..., se:cdpVersion: 123.0.6312.123, setWindowRect: true, strictFileInteractability: false, timeouts: {implicit: 0, pageLoad: 300000, script: 30000}, unhandledPromptBehavior: dismiss and notify, webauthn:extension:credBlob: true, webauthn:extension:largeBlob: true, webauthn:extension:minPinLength: true, webauthn:extension:prf: true, webauthn:virtualAuthenticators: true}
Session ID: c301710270baf21fdd5300033f420a9f
at java.base/jdk.internal.reflect.DirectConstructorHandleAccessor.newInstance(DirectConstructorHandleAccessor.java:62)
at java.base/java.lang.reflect.Constructor.newInstanceWithCaller(Constructor.java:502)
at java.base/java.lang.reflect.Constructor.newInstance(Constructor.java:486)
at org.openqa.selenium.remote.ErrorCodec.decode(ErrorCodec.java:167)
at org.openqa.selenium.remote.codec.w3c.W3CHttpResponseCodec.decode(W3CHttpResponseCodec.java:138)
at org.openqa.selenium.remote.codec.w3c.W3CHttpResponseCodec.decode(W3CHttpResponseCodec.java:50)
at org.openqa.selenium.remote.HttpCommandExecutor.execute(HttpCommandExecutor.java:190)
at org.openqa.selenium.remote.service.DriverCommandExecutor.invokeExecute(DriverCommandExecutor.java:216)
at org.openqa.selenium.remote.service.DriverCommandExecutor.execute(DriverCommandExecutor.java:174)
at org.openqa.selenium.remote.RemoteWebDriver.execute(RemoteWebDriver.java:519)
at org.openqa.selenium.remote.ElementLocation$ElementFinder$2.findElement(ElementLocation.java:165)
at org.openqa.selenium.remote.ElementLocation.findElement(ElementLocation.java:59)
at org.openqa.selenium.remote.RemoteWebDriver.findElement(RemoteWebDriver.java:356)
at org.openqa.selenium.remote.RemoteWebDriver.findElement(RemoteWebDriver.java:350)
at allPages.ViewUser.TC27(ViewUser.java:708)
at java.base/jdk.internal.reflect.DirectMethodHandleAccessor.invoke(DirectMethodHandleAccessor.java:103)
at java.base/java.lang.reflect.Method.invoke(Method.java:580)
at org.testng.internal.invokers.MethodInvocationHelper.invokeMethod(MethodInvocationHelper.java:139)
at org.testng.internal.invokers.TestInvoker.invokeMethod(TestInvoker.java:664)
at org.testng.internal.invokers.TestInvoker.invokeTestMethod(TestInvoker.java:228)
at org.testng.internal.invokers.MethodRunner.runInSequence(MethodRunner.java:63)
at org.testng.internal.invokers.TestInvoker$MethodInvocationAgent.invoke(TestInvoker.java:961)
at org.testng.internal.invokers.TestInvoker.invokeTestMethods(TestInvoker.java:201)
at org.testng.internal.invokers.TestMethodWorker.invokeTestMethods(TestMethodWorker.java:148)
at org.testng.internal.invokers.TestMethodWorker.run(TestMethodWorker.java:128)
at java.base/java.util.ArrayList.forEach(ArrayList.java:1596)
at org.testng.TestRunner.privateRun(TestRunner.java:819)
at org.testng.TestRunner.run(TestRunner.java:619)
at org.testng.SuiteRunner.runTest(SuiteRunner.java:443)
at org.testng.SuiteRunner.runSequentially(SuiteRunner.java:437)
at org.testng.SuiteRunner.privateRun(SuiteRunner.java:397)
at org.testng.SuiteRunner.run(SuiteRunner.java:336)
at org.testng.SuiteRunnerWorker.runSuite(SuiteRunnerWorker.java:52)
at org.testng.SuiteRunnerWorker.run(SuiteRunnerWorker.java:95)
at org.testng.TestNG.runSuitesSequentially(TestNG.java:1301)
at org.testng.TestNG.runSuitesLocally(TestNG.java:1228)
at org.testng.TestNG.runSuites(TestNG.java:1134)
at org.testng.TestNG.run(TestNG.java:1101)
at org.testng.remote.AbstractRemoteTestNG.run(AbstractRemoteTestNG.java:115)
at org.testng.remote.RemoteTestNG.initAndRun(RemoteTestNG.java:251)
at org.testng.remote.RemoteTestNG.main(RemoteTestNG.java:77)
]]>
            </full-stacktrace>
          </exception> <!-- org.openqa.selenium.NoSuchElementException -->
          <reporter-output>
          </reporter-output>
        </test-method> <!-- TC27 -->
        <test-method is-config="true" signature="tearDown()[pri:0, instance:allPages.ViewUser@fa36558]" started-at="2024-04-17T10:44:40 IST" name="tearDown" finished-at="2024-04-17T10:44:44 IST" duration-ms="3298" status="PASS">
          <reporter-output>
          </reporter-output>
        </test-method> <!-- tearDown -->
        <test-method is-config="true" signature="launch()[pri:0, instance:allPages.ViewUser@fa36558]" started-at="2024-04-17T10:44:44 IST" name="launch" finished-at="2024-04-17T10:44:44 IST" duration-ms="3" status="PASS">
          <reporter-output>
          </reporter-output>
        </test-method> <!-- launch -->
        <test-method is-config="true" signature="setUp()[pri:0, instance:allPages.ViewUser@fa36558]" started-at="2024-04-17T10:44:44 IST" name="setUp" finished-at="2024-04-17T10:44:47 IST" duration-ms="3892" status="PASS">
          <reporter-output>
          </reporter-output>
        </test-method> <!-- setUp -->
        <test-method retried="true" signature="TC27()[pri:28, instance:allPages.ViewUser@fa36558]" started-at="2024-04-17T10:44:47 IST" name="TC27" finished-at="2024-04-17T10:45:31 IST" duration-ms="43939" status="SKIP">
          <exception class="org.openqa.selenium.NoSuchElementException">
            <message>
              <![CDATA[no such element: Unable to locate element: {"method":"xpath","selector":"//*[@id="kt_content_container"]/div[1]/div[2]/ul/li[3]/a/span"}
  (Session info: chrome=123.0.6312.123)
For documentation on this error, please visit: https://www.selenium.dev/documentation/webdriver/troubleshooting/errors#no-such-element-exception
Build info: version: '4.18.1', revision: 'b1d3319b48'
System info: os.name: 'Windows 11', os.arch: 'amd64', os.version: '10.0', java.version: '21.0.2'
Driver info: org.openqa.selenium.chrome.ChromeDriver
Command: [31c8ec98240eb76b913066b89308320e, findElement {using=xpath, value=//*[@id="kt_content_container"]/div[1]/div[2]/ul/li[3]/a/span}]
Capabilities {acceptInsecureCerts: false, browserName: chrome, browserVersion: 123.0.6312.123, chrome: {chromedriverVersion: 123.0.6312.122 (31f8248cdd9..., userDataDir: C:\Users\THIRUM~1\AppData\L...}, fedcm:accounts: true, goog:chromeOptions: {debuggerAddress: localhost:53585}, networkConnectionEnabled: false, pageLoadStrategy: normal, platformName: windows, proxy: Proxy(), se:cdp: ws://localhost:53585/devtoo..., se:cdpVersion: 123.0.6312.123, setWindowRect: true, strictFileInteractability: false, timeouts: {implicit: 0, pageLoad: 300000, script: 30000}, unhandledPromptBehavior: dismiss and notify, webauthn:extension:credBlob: true, webauthn:extension:largeBlob: true, webauthn:extension:minPinLength: true, webauthn:extension:prf: true, webauthn:virtualAuthenticators: true}
Session ID: 31c8ec98240eb76b913066b89308320e]]>
            </message>
            <full-stacktrace>
              <![CDATA[org.openqa.selenium.NoSuchElementException: no such element: Unable to locate element: {"method":"xpath","selector":"//*[@id="kt_content_container"]/div[1]/div[2]/ul/li[3]/a/span"}
  (Session info: chrome=123.0.6312.123)
For documentation on this error, please visit: https://www.selenium.dev/documentation/webdriver/troubleshooting/errors#no-such-element-exception
Build info: version: '4.18.1', revision: 'b1d3319b48'
System info: os.name: 'Windows 11', os.arch: 'amd64', os.version: '10.0', java.version: '21.0.2'
Driver info: org.openqa.selenium.chrome.ChromeDriver
Command: [31c8ec98240eb76b913066b89308320e, findElement {using=xpath, value=//*[@id="kt_content_container"]/div[1]/div[2]/ul/li[3]/a/span}]
Capabilities {acceptInsecureCerts: false, browserName: chrome, browserVersion: 123.0.6312.123, chrome: {chromedriverVersion: 123.0.6312.122 (31f8248cdd9..., userDataDir: C:\Users\THIRUM~1\AppData\L...}, fedcm:accounts: true, goog:chromeOptions: {debuggerAddress: localhost:53585}, networkConnectionEnabled: false, pageLoadStrategy: normal, platformName: windows, proxy: Proxy(), se:cdp: ws://localhost:53585/devtoo..., se:cdpVersion: 123.0.6312.123, setWindowRect: true, strictFileInteractability: false, timeouts: {implicit: 0, pageLoad: 300000, script: 30000}, unhandledPromptBehavior: dismiss and notify, webauthn:extension:credBlob: true, webauthn:extension:largeBlob: true, webauthn:extension:minPinLength: true, webauthn:extension:prf: true, webauthn:virtualAuthenticators: true}
Session ID: 31c8ec98240eb76b913066b89308320e
at java.base/jdk.internal.reflect.DirectConstructorHandleAccessor.newInstance(DirectConstructorHandleAccessor.java:62)
at java.base/java.lang.reflect.Constructor.newInstanceWithCaller(Constructor.java:502)
at java.base/java.lang.reflect.Constructor.newInstance(Constructor.java:486)
at org.openqa.selenium.remote.ErrorCodec.decode(ErrorCodec.java:167)
at org.openqa.selenium.remote.codec.w3c.W3CHttpResponseCodec.decode(W3CHttpResponseCodec.java:138)
at org.openqa.selenium.remote.codec.w3c.W3CHttpResponseCodec.decode(W3CHttpResponseCodec.java:50)
at org.openqa.selenium.remote.HttpCommandExecutor.execute(HttpCommandExecutor.java:190)
at org.openqa.selenium.remote.service.DriverCommandExecutor.invokeExecute(DriverCommandExecutor.java:216)
at org.openqa.selenium.remote.service.DriverCommandExecutor.execute(DriverCommandExecutor.java:174)
at org.openqa.selenium.remote.RemoteWebDriver.execute(RemoteWebDriver.java:519)
at org.openqa.selenium.remote.ElementLocation$ElementFinder$2.findElement(ElementLocation.java:165)
at org.openqa.selenium.remote.ElementLocation.findElement(ElementLocation.java:59)
at org.openqa.selenium.remote.RemoteWebDriver.findElement(RemoteWebDriver.java:356)
at org.openqa.selenium.remote.RemoteWebDriver.findElement(RemoteWebDriver.java:350)
at allPages.ViewUser.TC27(ViewUser.java:708)
at java.base/jdk.internal.reflect.DirectMethodHandleAccessor.invoke(DirectMethodHandleAccessor.java:103)
at java.base/java.lang.reflect.Method.invoke(Method.java:580)
at org.testng.internal.invokers.MethodInvocationHelper.invokeMethod(MethodInvocationHelper.java:139)
at org.testng.internal.invokers.TestInvoker.invokeMethod(TestInvoker.java:664)
at org.testng.internal.invokers.TestInvoker.retryFailed(TestInvoker.java:249)
at org.testng.internal.invokers.MethodRunner.runInSequence(MethodRunner.java:76)
at org.testng.internal.invokers.TestInvoker$MethodInvocationAgent.invoke(TestInvoker.java:961)
at org.testng.internal.invokers.TestInvoker.invokeTestMethods(TestInvoker.java:201)
at org.testng.internal.invokers.TestMethodWorker.invokeTestMethods(TestMethodWorker.java:148)
at org.testng.internal.invokers.TestMethodWorker.run(TestMethodWorker.java:128)
at java.base/java.util.ArrayList.forEach(ArrayList.java:1596)
at org.testng.TestRunner.privateRun(TestRunner.java:819)
at org.testng.TestRunner.run(TestRunner.java:619)
at org.testng.SuiteRunner.runTest(SuiteRunner.java:443)
at org.testng.SuiteRunner.runSequentially(SuiteRunner.java:437)
at org.testng.SuiteRunner.privateRun(SuiteRunner.java:397)
at org.testng.SuiteRunner.run(SuiteRunner.java:336)
at org.testng.SuiteRunnerWorker.runSuite(SuiteRunnerWorker.java:52)
at org.testng.SuiteRunnerWorker.run(SuiteRunnerWorker.java:95)
at org.testng.TestNG.runSuitesSequentially(TestNG.java:1301)
at org.testng.TestNG.runSuitesLocally(TestNG.java:1228)
at org.testng.TestNG.runSuites(TestNG.java:1134)
at org.testng.TestNG.run(TestNG.java:1101)
at org.testng.remote.AbstractRemoteTestNG.run(AbstractRemoteTestNG.java:115)
at org.testng.remote.RemoteTestNG.initAndRun(RemoteTestNG.java:251)
at org.testng.remote.RemoteTestNG.main(RemoteTestNG.java:77)
]]>
            </full-stacktrace>
          </exception> <!-- org.openqa.selenium.NoSuchElementException -->
          <reporter-output>
          </reporter-output>
        </test-method> <!-- TC27 -->
        <test-method is-config="true" signature="tearDown()[pri:0, instance:allPages.ViewUser@fa36558]" started-at="2024-04-17T10:45:31 IST" name="tearDown" finished-at="2024-04-17T10:45:35 IST" duration-ms="3505" status="PASS">
          <reporter-output>
          </reporter-output>
        </test-method> <!-- tearDown -->
        <test-method is-config="true" signature="launch()[pri:0, instance:allPages.ViewUser@fa36558]" started-at="2024-04-17T10:45:35 IST" name="launch" finished-at="2024-04-17T10:45:35 IST" duration-ms="1" status="PASS">
          <reporter-output>
          </reporter-output>
        </test-method> <!-- launch -->
        <test-method is-config="true" signature="setUp()[pri:0, instance:allPages.ViewUser@fa36558]" started-at="2024-04-17T10:45:35 IST" name="setUp" finished-at="2024-04-17T10:45:39 IST" duration-ms="4005" status="PASS">
          <reporter-output>
          </reporter-output>
        </test-method> <!-- setUp -->
        <test-method retried="true" signature="TC27()[pri:28, instance:allPages.ViewUser@fa36558]" started-at="2024-04-17T10:45:39 IST" name="TC27" finished-at="2024-04-17T10:46:23 IST" duration-ms="43846" status="SKIP">
          <exception class="org.openqa.selenium.NoSuchElementException">
            <message>
              <![CDATA[no such element: Unable to locate element: {"method":"xpath","selector":"//*[@id="kt_content_container"]/div[1]/div[2]/ul/li[3]/a/span"}
  (Session info: chrome=123.0.6312.123)
For documentation on this error, please visit: https://www.selenium.dev/documentation/webdriver/troubleshooting/errors#no-such-element-exception
Build info: version: '4.18.1', revision: 'b1d3319b48'
System info: os.name: 'Windows 11', os.arch: 'amd64', os.version: '10.0', java.version: '21.0.2'
Driver info: org.openqa.selenium.chrome.ChromeDriver
Command: [d2ff97cc2dc3f93f3a39966b5a32cbff, findElement {using=xpath, value=//*[@id="kt_content_container"]/div[1]/div[2]/ul/li[3]/a/span}]
Capabilities {acceptInsecureCerts: false, browserName: chrome, browserVersion: 123.0.6312.123, chrome: {chromedriverVersion: 123.0.6312.122 (31f8248cdd9..., userDataDir: C:\Users\THIRUM~1\AppData\L...}, fedcm:accounts: true, goog:chromeOptions: {debuggerAddress: localhost:53672}, networkConnectionEnabled: false, pageLoadStrategy: normal, platformName: windows, proxy: Proxy(), se:cdp: ws://localhost:53672/devtoo..., se:cdpVersion: 123.0.6312.123, setWindowRect: true, strictFileInteractability: false, timeouts: {implicit: 0, pageLoad: 300000, script: 30000}, unhandledPromptBehavior: dismiss and notify, webauthn:extension:credBlob: true, webauthn:extension:largeBlob: true, webauthn:extension:minPinLength: true, webauthn:extension:prf: true, webauthn:virtualAuthenticators: true}
Session ID: d2ff97cc2dc3f93f3a39966b5a32cbff]]>
            </message>
            <full-stacktrace>
              <![CDATA[org.openqa.selenium.NoSuchElementException: no such element: Unable to locate element: {"method":"xpath","selector":"//*[@id="kt_content_container"]/div[1]/div[2]/ul/li[3]/a/span"}
  (Session info: chrome=123.0.6312.123)
For documentation on this error, please visit: https://www.selenium.dev/documentation/webdriver/troubleshooting/errors#no-such-element-exception
Build info: version: '4.18.1', revision: 'b1d3319b48'
System info: os.name: 'Windows 11', os.arch: 'amd64', os.version: '10.0', java.version: '21.0.2'
Driver info: org.openqa.selenium.chrome.ChromeDriver
Command: [d2ff97cc2dc3f93f3a39966b5a32cbff, findElement {using=xpath, value=//*[@id="kt_content_container"]/div[1]/div[2]/ul/li[3]/a/span}]
Capabilities {acceptInsecureCerts: false, browserName: chrome, browserVersion: 123.0.6312.123, chrome: {chromedriverVersion: 123.0.6312.122 (31f8248cdd9..., userDataDir: C:\Users\THIRUM~1\AppData\L...}, fedcm:accounts: true, goog:chromeOptions: {debuggerAddress: localhost:53672}, networkConnectionEnabled: false, pageLoadStrategy: normal, platformName: windows, proxy: Proxy(), se:cdp: ws://localhost:53672/devtoo..., se:cdpVersion: 123.0.6312.123, setWindowRect: true, strictFileInteractability: false, timeouts: {implicit: 0, pageLoad: 300000, script: 30000}, unhandledPromptBehavior: dismiss and notify, webauthn:extension:credBlob: true, webauthn:extension:largeBlob: true, webauthn:extension:minPinLength: true, webauthn:extension:prf: true, webauthn:virtualAuthenticators: true}
Session ID: d2ff97cc2dc3f93f3a39966b5a32cbff
at java.base/jdk.internal.reflect.DirectConstructorHandleAccessor.newInstance(DirectConstructorHandleAccessor.java:62)
at java.base/java.lang.reflect.Constructor.newInstanceWithCaller(Constructor.java:502)
at java.base/java.lang.reflect.Constructor.newInstance(Constructor.java:486)
at org.openqa.selenium.remote.ErrorCodec.decode(ErrorCodec.java:167)
at org.openqa.selenium.remote.codec.w3c.W3CHttpResponseCodec.decode(W3CHttpResponseCodec.java:138)
at org.openqa.selenium.remote.codec.w3c.W3CHttpResponseCodec.decode(W3CHttpResponseCodec.java:50)
at org.openqa.selenium.remote.HttpCommandExecutor.execute(HttpCommandExecutor.java:190)
at org.openqa.selenium.remote.service.DriverCommandExecutor.invokeExecute(DriverCommandExecutor.java:216)
at org.openqa.selenium.remote.service.DriverCommandExecutor.execute(DriverCommandExecutor.java:174)
at org.openqa.selenium.remote.RemoteWebDriver.execute(RemoteWebDriver.java:519)
at org.openqa.selenium.remote.ElementLocation$ElementFinder$2.findElement(ElementLocation.java:165)
at org.openqa.selenium.remote.ElementLocation.findElement(ElementLocation.java:59)
at org.openqa.selenium.remote.RemoteWebDriver.findElement(RemoteWebDriver.java:356)
at org.openqa.selenium.remote.RemoteWebDriver.findElement(RemoteWebDriver.java:350)
at allPages.ViewUser.TC27(ViewUser.java:708)
at java.base/jdk.internal.reflect.DirectMethodHandleAccessor.invoke(DirectMethodHandleAccessor.java:103)
at java.base/java.lang.reflect.Method.invoke(Method.java:580)
at org.testng.internal.invokers.MethodInvocationHelper.invokeMethod(MethodInvocationHelper.java:139)
at org.testng.internal.invokers.TestInvoker.invokeMethod(TestInvoker.java:664)
at org.testng.internal.invokers.TestInvoker.retryFailed(TestInvoker.java:249)
at org.testng.internal.invokers.MethodRunner.runInSequence(MethodRunner.java:76)
at org.testng.internal.invokers.TestInvoker$MethodInvocationAgent.invoke(TestInvoker.java:961)
at org.testng.internal.invokers.TestInvoker.invokeTestMethods(TestInvoker.java:201)
at org.testng.internal.invokers.TestMethodWorker.invokeTestMethods(TestMethodWorker.java:148)
at org.testng.internal.invokers.TestMethodWorker.run(TestMethodWorker.java:128)
at java.base/java.util.ArrayList.forEach(ArrayList.java:1596)
at org.testng.TestRunner.privateRun(TestRunner.java:819)
at org.testng.TestRunner.run(TestRunner.java:619)
at org.testng.SuiteRunner.runTest(SuiteRunner.java:443)
at org.testng.SuiteRunner.runSequentially(SuiteRunner.java:437)
at org.testng.SuiteRunner.privateRun(SuiteRunner.java:397)
at org.testng.SuiteRunner.run(SuiteRunner.java:336)
at org.testng.SuiteRunnerWorker.runSuite(SuiteRunnerWorker.java:52)
at org.testng.SuiteRunnerWorker.run(SuiteRunnerWorker.java:95)
at org.testng.TestNG.runSuitesSequentially(TestNG.java:1301)
at org.testng.TestNG.runSuitesLocally(TestNG.java:1228)
at org.testng.TestNG.runSuites(TestNG.java:1134)
at org.testng.TestNG.run(TestNG.java:1101)
at org.testng.remote.AbstractRemoteTestNG.run(AbstractRemoteTestNG.java:115)
at org.testng.remote.RemoteTestNG.initAndRun(RemoteTestNG.java:251)
at org.testng.remote.RemoteTestNG.main(RemoteTestNG.java:77)
]]>
            </full-stacktrace>
          </exception> <!-- org.openqa.selenium.NoSuchElementException -->
          <reporter-output>
          </reporter-output>
        </test-method> <!-- TC27 -->
        <test-method is-config="true" signature="tearDown()[pri:0, instance:allPages.ViewUser@fa36558]" started-at="2024-04-17T10:46:23 IST" name="tearDown" finished-at="2024-04-17T10:46:26 IST" duration-ms="3410" status="PASS">
          <reporter-output>
          </reporter-output>
        </test-method> <!-- tearDown -->
        <test-method is-config="true" signature="launch()[pri:0, instance:allPages.ViewUser@fa36558]" started-at="2024-04-17T10:46:26 IST" name="launch" finished-at="2024-04-17T10:46:26 IST" duration-ms="0" status="PASS">
          <reporter-output>
          </reporter-output>
        </test-method> <!-- launch -->
        <test-method is-config="true" signature="setUp()[pri:0, instance:allPages.ViewUser@fa36558]" started-at="2024-04-17T10:46:26 IST" name="setUp" finished-at="2024-04-17T10:46:30 IST" duration-ms="3411" status="PASS">
          <reporter-output>
          </reporter-output>
        </test-method> <!-- setUp -->
        <test-method retried="true" signature="TC27()[pri:28, instance:allPages.ViewUser@fa36558]" started-at="2024-04-17T10:46:30 IST" name="TC27" finished-at="2024-04-17T10:47:13 IST" duration-ms="43692" status="SKIP">
          <exception class="org.openqa.selenium.NoSuchElementException">
            <message>
              <![CDATA[no such element: Unable to locate element: {"method":"xpath","selector":"//*[@id="kt_content_container"]/div[1]/div[2]/ul/li[3]/a/span"}
  (Session info: chrome=123.0.6312.123)
For documentation on this error, please visit: https://www.selenium.dev/documentation/webdriver/troubleshooting/errors#no-such-element-exception
Build info: version: '4.18.1', revision: 'b1d3319b48'
System info: os.name: 'Windows 11', os.arch: 'amd64', os.version: '10.0', java.version: '21.0.2'
Driver info: org.openqa.selenium.chrome.ChromeDriver
Command: [6169094a2ebe139f5bbe01cf6167a028, findElement {using=xpath, value=//*[@id="kt_content_container"]/div[1]/div[2]/ul/li[3]/a/span}]
Capabilities {acceptInsecureCerts: false, browserName: chrome, browserVersion: 123.0.6312.123, chrome: {chromedriverVersion: 123.0.6312.122 (31f8248cdd9..., userDataDir: C:\Users\THIRUM~1\AppData\L...}, fedcm:accounts: true, goog:chromeOptions: {debuggerAddress: localhost:53758}, networkConnectionEnabled: false, pageLoadStrategy: normal, platformName: windows, proxy: Proxy(), se:cdp: ws://localhost:53758/devtoo..., se:cdpVersion: 123.0.6312.123, setWindowRect: true, strictFileInteractability: false, timeouts: {implicit: 0, pageLoad: 300000, script: 30000}, unhandledPromptBehavior: dismiss and notify, webauthn:extension:credBlob: true, webauthn:extension:largeBlob: true, webauthn:extension:minPinLength: true, webauthn:extension:prf: true, webauthn:virtualAuthenticators: true}
Session ID: 6169094a2ebe139f5bbe01cf6167a028]]>
            </message>
            <full-stacktrace>
              <![CDATA[org.openqa.selenium.NoSuchElementException: no such element: Unable to locate element: {"method":"xpath","selector":"//*[@id="kt_content_container"]/div[1]/div[2]/ul/li[3]/a/span"}
  (Session info: chrome=123.0.6312.123)
For documentation on this error, please visit: https://www.selenium.dev/documentation/webdriver/troubleshooting/errors#no-such-element-exception
Build info: version: '4.18.1', revision: 'b1d3319b48'
System info: os.name: 'Windows 11', os.arch: 'amd64', os.version: '10.0', java.version: '21.0.2'
Driver info: org.openqa.selenium.chrome.ChromeDriver
Command: [6169094a2ebe139f5bbe01cf6167a028, findElement {using=xpath, value=//*[@id="kt_content_container"]/div[1]/div[2]/ul/li[3]/a/span}]
Capabilities {acceptInsecureCerts: false, browserName: chrome, browserVersion: 123.0.6312.123, chrome: {chromedriverVersion: 123.0.6312.122 (31f8248cdd9..., userDataDir: C:\Users\THIRUM~1\AppData\L...}, fedcm:accounts: true, goog:chromeOptions: {debuggerAddress: localhost:53758}, networkConnectionEnabled: false, pageLoadStrategy: normal, platformName: windows, proxy: Proxy(), se:cdp: ws://localhost:53758/devtoo..., se:cdpVersion: 123.0.6312.123, setWindowRect: true, strictFileInteractability: false, timeouts: {implicit: 0, pageLoad: 300000, script: 30000}, unhandledPromptBehavior: dismiss and notify, webauthn:extension:credBlob: true, webauthn:extension:largeBlob: true, webauthn:extension:minPinLength: true, webauthn:extension:prf: true, webauthn:virtualAuthenticators: true}
Session ID: 6169094a2ebe139f5bbe01cf6167a028
at java.base/jdk.internal.reflect.DirectConstructorHandleAccessor.newInstance(DirectConstructorHandleAccessor.java:62)
at java.base/java.lang.reflect.Constructor.newInstanceWithCaller(Constructor.java:502)
at java.base/java.lang.reflect.Constructor.newInstance(Constructor.java:486)
at org.openqa.selenium.remote.ErrorCodec.decode(ErrorCodec.java:167)
at org.openqa.selenium.remote.codec.w3c.W3CHttpResponseCodec.decode(W3CHttpResponseCodec.java:138)
at org.openqa.selenium.remote.codec.w3c.W3CHttpResponseCodec.decode(W3CHttpResponseCodec.java:50)
at org.openqa.selenium.remote.HttpCommandExecutor.execute(HttpCommandExecutor.java:190)
at org.openqa.selenium.remote.service.DriverCommandExecutor.invokeExecute(DriverCommandExecutor.java:216)
at org.openqa.selenium.remote.service.DriverCommandExecutor.execute(DriverCommandExecutor.java:174)
at org.openqa.selenium.remote.RemoteWebDriver.execute(RemoteWebDriver.java:519)
at org.openqa.selenium.remote.ElementLocation$ElementFinder$2.findElement(ElementLocation.java:165)
at org.openqa.selenium.remote.ElementLocation.findElement(ElementLocation.java:59)
at org.openqa.selenium.remote.RemoteWebDriver.findElement(RemoteWebDriver.java:356)
at org.openqa.selenium.remote.RemoteWebDriver.findElement(RemoteWebDriver.java:350)
at allPages.ViewUser.TC27(ViewUser.java:708)
at java.base/jdk.internal.reflect.DirectMethodHandleAccessor.invoke(DirectMethodHandleAccessor.java:103)
at java.base/java.lang.reflect.Method.invoke(Method.java:580)
at org.testng.internal.invokers.MethodInvocationHelper.invokeMethod(MethodInvocationHelper.java:139)
at org.testng.internal.invokers.TestInvoker.invokeMethod(TestInvoker.java:664)
at org.testng.internal.invokers.TestInvoker.retryFailed(TestInvoker.java:249)
at org.testng.internal.invokers.MethodRunner.runInSequence(MethodRunner.java:76)
at org.testng.internal.invokers.TestInvoker$MethodInvocationAgent.invoke(TestInvoker.java:961)
at org.testng.internal.invokers.TestInvoker.invokeTestMethods(TestInvoker.java:201)
at org.testng.internal.invokers.TestMethodWorker.invokeTestMethods(TestMethodWorker.java:148)
at org.testng.internal.invokers.TestMethodWorker.run(TestMethodWorker.java:128)
at java.base/java.util.ArrayList.forEach(ArrayList.java:1596)
at org.testng.TestRunner.privateRun(TestRunner.java:819)
at org.testng.TestRunner.run(TestRunner.java:619)
at org.testng.SuiteRunner.runTest(SuiteRunner.java:443)
[...]
          <reporter-output>
          </reporter-output>
        </test-method> <!-- launch -->
        <test-method signature="TC18()[pri:18, instance:allPages.BankSetup@7c1e2a9e]" started-at="2024-04-17T10:29:34 IST" name="TC18" finished-at="2024-04-17T10:29:45 IST" duration-ms="11496" status="PASS">
          <reporter-output>
          </reporter-output>
        </test-method> <!-- TC18 -->
        <test-method is-config="true" signature="tearDown()[pri:0, instance:allPages.BankSetup@7c1e2a9e]" started-at="2024-04-17T10:29:45 IST" name="tearDown" finished-at="2024-04-17T10:29:49 IST" duration-ms="3474" status="PASS">
          <reporter-output>
          </reporter-output>
        </test-method> <!-- tearDown -->
        <test-method is-config="true" signature="setUp()[pri:0, instance:allPages.BankSetup@7c1e2a9e]" started-at="2024-04-17T10:29:49 IST" name="setUp" finished-at="2024-04-17T10:29:52 IST" duration-ms="3243" status="PASS">
          <reporter-output>
          </reporter-output>
        </test-method> <!-- setUp -->
        <test-method is-config="true" signature="launch()[pri:0, instance:allPages.BankSetup@7c1e2a9e]" started-at="2024-04-17T10:29:49 IST" name="launch" finished-at="2024-04-17T10:29:49 IST" duration-ms="0" status="PASS">
          <reporter-output>
          </reporter-output>
        </test-method> <!-- launch -->
        <test-method signature="TC19()[pri:19, instance:allPages.BankSetup@7c1e2a9e]" started-at="2024-04-17T10:29:52 IST" name="TC19" finished-at="2024-04-17T10:30:03 IST" duration-ms="11459" status="PASS">
          <reporter-output>
          </reporter-output>
        </test-method> <!-- TC19 -->
        <test-method is-config="true" signature="tearDown()[pri:0, instance:allPages.BankSetup@7c1e2a9e]" started-at="2024-04-17T10:30:03 IST" name="tearDown" finished-at="2024-04-17T10:30:07 IST" duration-ms="3213" status="PASS">
          <reporter-output>
          </reporter-output>
        </test-method> <!-- tearDown -->
        <test-method is-config="true" signature="launch()[pri:0, instance:allPages.BankSetup@7c1e2a9e]" started-at="2024-04-17T10:30:07 IST" name="launch" finished-at="2024-04-17T10:30:07 IST" duration-ms="0" status="PASS">
          <reporter-output>
          </reporter-output>
        </test-method> <!-- launch -->
        <test-method is-config="true" signature="setUp()[pri:0, instance:allPages.BankSetup@7c1e2a9e]" started-at="2024-04-17T10:30:07 IST" name="setUp" finished-at="2024-04-17T10:30:09 IST" duration-ms="2303" status="PASS">
          <reporter-output>
          </reporter-output>
        </test-method> <!-- setUp -->
        <test-method signature="TC20()[pri:20, instance:allPages.BankSetup@7c1e2a9e]" started-at="2024-04-17T10:30:09 IST" name="TC20" finished-at="2024-04-17T10:30:20 IST" duration-ms="11209" status="PASS">
          <reporter-output>
          </reporter-output>
        </test-method> <!-- TC20 -->
        <test-method is-config="true" signature="tearDown()[pri:0, instance:allPages.BankSetup@7c1e2a9e]" started-at="2024-04-17T10:30:20 IST" name="tearDown" finished-at="2024-04-17T10:30:23 IST" duration-ms="3263" status="PASS">
          <reporter-output>
          </reporter-output>
        </test-method> <!-- tearDown -->
        <test-method is-config="true" signature="launch()[pri:0, instance:allPages.BankSetup@7c1e2a9e]" started-at="2024-04-17T10:30:23 IST" name="launch" finished-at="2024-04-17T10:30:23 IST" duration-ms="0" status="PASS">
          <reporter-output>
          </reporter-output>
        </test-method> <!-- launch -->
        <test-method is-config="true" signature="setUp()[pri:0, instance:allPages.BankSetup@7c1e2a9e]" started-at="2024-04-17T10:30:23 IST" name="setUp" finished-at="2024-04-17T10:30:26 IST" duration-ms="2619" status="PASS">
          <reporter-output>
          </reporter-output>
        </test-method> <!-- setUp -->
        <test-method signature="TC21()[pri:21, instance:allPages.BankSetup@7c1e2a9e]" started-at="2024-04-17T10:30:26 IST" name="TC21" finished-at="2024-04-17T10:30:36 IST" duration-ms="9623" status="PASS">
          <reporter-output>
          </reporter-output>
        </test-method> <!-- TC21 -->
        <test-method is-config="true" signature="tearDown()[pri:0, instance:allPages.BankSetup@7c1e2a9e]" started-at="2024-04-17T10:30:36 IST" name="tearDown" finished-at="2024-04-17T10:30:39 IST" duration-ms="3387" status="PASS">
          <reporter-output>
          </reporter-output>
        </test-method> <!-- tearDown -->
        <test-method is-config="true" signature="launch()[pri:0, instance:allPages.BankSetup@7c1e2a9e]" started-at="2024-04-17T10:30:39 IST" name="launch" finished-at="2024-04-17T10:30:39 IST" duration-ms="1" status="PASS">
          <reporter-output>
          </reporter-output>
        </test-method> <!-- launch -->
        <test-method is-config="true" signature="setUp()[pri:0, instance:allPages.BankSetup@7c1e2a9e]" started-at="2024-04-17T10:30:39 IST" name="setUp" finished-at="2024-04-17T10:30:42 IST" duration-ms="3369" status="PASS">
          <reporter-output>
          </reporter-output>
        </test-method> <!-- setUp -->
        <test-method signature="TC22()[pri:22, instance:allPages.BankSetup@7c1e2a9e]" started-at="2024-04-17T10:30:42 IST" name="TC22" finished-at="2024-04-17T10:30:54 IST" duration-ms="11429" status="PASS">
          <reporter-output>
          </reporter-output>
        </test-method> <!-- TC22 -->
        <test-method is-config="true" signature="tearDown()[pri:0, instance:allPages.BankSetup@7c1e2a9e]" started-at="2024-04-17T10:30:54 IST" name="tearDown" finished-at="2024-04-17T10:30:57 IST" duration-ms="3357" status="PASS">
          <reporter-output>
          </reporter-output>
        </test-method> <!-- tearDown -->
        <test-method is-config="true" signature="launch()[pri:0, instance:allPages.BankSetup@7c1e2a9e]" started-at="2024-04-17T10:30:57 IST" name="launch" finished-at="2024-04-17T10:30:57 IST" duration-ms="0" status="PASS">
          <reporter-output>
          </reporter-output>
        </test-method> <!-- launch -->
        <test-method is-config="true" signature="setUp()[pri:0, instance:allPages.BankSetup@7c1e2a9e]" started-at="2024-04-17T10:30:57 IST" name="setUp" finished-at="2024-04-17T10:31:01 IST" duration-ms="3411" status="PASS">
          <reporter-output>
          </reporter-output>
        </test-method> <!-- setUp -->
        <test-method signature="TC23()[pri:23, instance:allPages.BankSetup@7c1e2a9e]" started-at="2024-04-17T10:31:01 IST" name="TC23" finished-at="2024-04-17T10:31:16 IST" duration-ms="14826" status="PASS">
          <reporter-output>
          </reporter-output>
        </test-method> <!-- TC23 -->
        <test-method is-config="true" signature="tearDown()[pri:0, instance:allPages.BankSetup@7c1e2a9e]" started-at="2024-04-17T10:31:16 IST" name="tearDown" finished-at="2024-04-17T10:31:19 IST" duration-ms="3720" status="PASS">
          <reporter-output>
          </reporter-output>
        </test-method> <!-- tearDown -->
        <test-method is-config="true" signature="setUp()[pri:0, instance:allPages.BankSetup@7c1e2a9e]" started-at="2024-04-17T10:31:19 IST" name="setUp" finished-at="2024-04-17T10:31:22 IST" duration-ms="3206" status="PASS">
          <reporter-output>
          </reporter-output>
        </test-method> <!-- setUp -->
        <test-method is-config="true" signature="launch()[pri:0, instance:allPages.BankSetup@7c1e2a9e]" started-at="2024-04-17T10:31:19 IST" name="launch" finished-at="2024-04-17T10:31:19 IST" duration-ms="0" status="PASS">
          <reporter-output>
          </reporter-output>
        </test-method> <!-- launch -->
        <test-method signature="TC24()[pri:24, instance:allPages.BankSetup@7c1e2a9e]" started-at="2024-04-17T10:31:22 IST" name="TC24" finished-at="2024-04-17T10:31:38 IST" duration-ms="15311" status="PASS">
          <reporter-output>
          </reporter-output>
        </test-method> <!-- TC24 -->
        <test-method is-config="true" signature="tearDown()[pri:0, instance:allPages.BankSetup@7c1e2a9e]" started-at="2024-04-17T10:31:38 IST" name="tearDown" finished-at="2024-04-17T10:31:41 IST" duration-ms="3493" status="PASS">
          <reporter-output>
          </reporter-output>
        </test-method> <!-- tearDown -->
        <test-method is-config="true" signature="launch()[pri:0, instance:allPages.BankSetup@7c1e2a9e]" started-at="2024-04-17T10:31:41 IST" name="launch" finished-at="2024-04-17T10:31:41 IST" duration-ms="0" status="PASS">
          <reporter-output>
          </reporter-output>
        </test-method> <!-- launch -->
        <test-method is-config="true" signature="setUp()[pri:0, instance:allPages.BankSetup@7c1e2a9e]" started-at="2024-04-17T10:31:41 IST" name="setUp" finished-at="2024-04-17T10:31:45 IST" duration-ms="4210" status="PASS">
          <reporter-output>
          </reporter-output>
        </test-method> <!-- setUp -->
        <test-method signature="TC25()[pri:25, instance:allPages.BankSetup@7c1e2a9e]" started-at="2024-04-17T10:31:45 IST" name="TC25" finished-at="2024-04-17T10:31:55 IST" duration-ms="10034" status="PASS">
          <reporter-output>
          </reporter-output>
        </test-method> <!-- TC25 -->
        <test-method is-config="true" signature="tearDown()[pri:0, instance:allPages.BankSetup@7c1e2a9e]" started-at="2024-04-17T10:31:55 IST" name="tearDown" finished-at="2024-04-17T10:31:59 IST" duration-ms="3354" status="PASS">
          <reporter-output>
          </reporter-output>
        </test-method> <!-- tearDown -->
        <test-method is-config="true" signature="launch()[pri:0, instance:allPages.BankSetup@7c1e2a9e]" started-at="2024-04-17T10:31:59 IST" name="launch" finished-at="2024-04-17T10:31:59 IST" duration-ms="0" status="PASS">
          <reporter-output>
          </reporter-output>
        </test-method> <!-- launch -->
        <test-method is-config="true" signature="setUp()[pri:0, instance:allPages.BankSetup@7c1e2a9e]" started-at="2024-04-17T10:31:59 IST" name="setUp" finished-at="2024-04-17T10:32:03 IST" duration-ms="3945" status="PASS">
          <reporter-output>
          </reporter-output>
        </test-method> <!-- setUp -->
        <test-method signature="TC26()[pri:26, instance:allPages.BankSetup@7c1e2a9e]" started-at="2024-04-17T10:32:03 IST" name="TC26" finished-at="2024-04-17T10:32:19 IST" duration-ms="15774" status="PASS">
          <reporter-output>
          </reporter-output>
        </test-method> <!-- TC26 -->
        <test-method is-config="true" signature="tearDown()[pri:0, instance:allPages.BankSetup@7c1e2a9e]" started-at="2024-04-17T10:32:19 IST" name="tearDown" finished-at="2024-04-17T10:32:22 IST" duration-ms="3294" status="PASS">
          <reporter-output>
          </reporter-output>
        </test-method> <!-- tearDown -->
        <test-method is-config="true" signature="setUp()[pri:0, instance:allPages.BankSetup@7c1e2a9e]" started-at="2024-04-17T10:32:22 IST" name="setUp" finished-at="2024-04-17T10:32:25 IST" duration-ms="3317" status="PASS">
          <reporter-output>
          </reporter-output>
        </test-method> <!-- setUp -->
        <test-method is-config="true" signature="launch()[pri:0, instance:allPages.BankSetup@7c1e2a9e]" started-at="2024-04-17T10:32:22 IST" name="launch" finished-at="2024-04-17T10:32:22 IST" duration-ms="0" status="PASS">
          <reporter-output>
          </reporter-output>
        </test-method> <!-- launch -->
        <test-method signature="TC27()[pri:27, instance:allPages.BankSetup@7c1e2a9e]" started-at="2024-04-17T10:32:25 IST" name="TC27" finished-at="2024-04-17T10:32:35 IST" duration-ms="9540" status="PASS">
          <reporter-output>
          </reporter-output>
        </test-method> <!-- TC27 -->
        <test-method is-config="true" signature="tearDown()[pri:0, instance:allPages.BankSetup@7c1e2a9e]" started-at="2024-04-17T10:32:35 IST" name="tearDown" finished-at="2024-04-17T10:32:38 IST" duration-ms="3277" status="PASS">
          <reporter-output>
          </reporter-output>
        </test-method> <!-- tearDown -->
        <test-method is-config="true" signature="setUp()[pri:0, instance:allPages.BankSetup@7c1e2a9e]" started-at="2024-04-17T10:32:38 IST" name="setUp" finished-at="2024-04-17T10:32:41 IST" duration-ms="3182" status="PASS">
          <reporter-output>
          </reporter-output>
        </test-method> <!-- setUp -->
        <test-method is-config="true" signature="launch()[pri:0, instance:allPages.BankSetup@7c1e2a9e]" started-at="2024-04-17T10:32:38 IST" name="launch" finished-at="2024-04-17T10:32:38 IST" duration-ms="0" status="PASS">
          <reporter-output>
          </reporter-output>
        </test-method> <!-- launch -->
        <test-method signature="TC28()[pri:28, instance:allPages.BankSetup@7c1e2a9e]" started-at="2024-04-17T10:32:41 IST" name="TC28" finished-at="2024-04-17T10:32:51 IST" duration-ms="9631" status="PASS">
          <reporter-output>
          </reporter-output>
        </test-method> <!-- TC28 -->
        <test-method is-config="true" signature="tearDown()[pri:0, instance:allPages.BankSetup@7c1e2a9e]" started-at="2024-04-17T10:32:51 IST" name="tearDown" finished-at="2024-04-17T10:32:54 IST" duration-ms="3328" status="PASS">
          <reporter-output>
          </reporter-output>
        </test-method> <!-- tearDown -->
        <test-method is-config="true" signature="setUp()[pri:0, instance:allPages.BankSetup@7c1e2a9e]" started-at="2024-04-17T10:32:54 IST" name="setUp" finished-at="2024-04-17T10:32:58 IST" duration-ms="4196" status="PASS">
          <reporter-output>
          </reporter-output>
        </test-method> <!-- setUp -->
        <test-method is-config="true" signature="launch()[pri:0, instance:allPages.BankSetup@7c1e2a9e]" started-at="2024-04-17T10:32:54 IST" name="launch" finished-at="2024-04-17T10:32:54 IST" duration-ms="0" status="PASS">
          <reporter-output>
          </reporter-output>
        </test-method> <!-- launch -->
        <test-method signature="TC29()[pri:29, instance:allPages.BankSetup@7c1e2a9e]" started-at="2024-04-17T10:32:58 IST" name="TC29" finished-at="2024-04-17T10:33:08 IST" duration-ms="9840" status="PASS">
          <reporter-output>
          </reporter-output>
        </test-method> <!-- TC29 -->
        <test-method is-config="true" signature="tearDown()[pri:0, instance:allPages.BankSetup@7c1e2a9e]" started-at="2024-04-17T10:33:08 IST" name="tearDown" finished-at="2024-04-17T10:33:12 IST" duration-ms="3437" status="PASS">
          <reporter-output>
          </reporter-output>
        </test-method> <!-- tearDown -->
        <test-method is-config="true" signature="launch()[pri:0, instance:allPages.BankSetup@7c1e2a9e]" started-at="2024-04-17T10:33:12 IST" name="launch" finished-at="2024-04-17T10:33:12 IST" duration-ms="1" status="PASS">
          <reporter-output>
          </reporter-output>
        </test-method> <!-- launch -->
        <test-method is-config="true" signature="setUp()[pri:0, instance:allPages.BankSetup@7c1e2a9e]" started-at="2024-04-17T10:33:12 IST" name="setUp" finished-at="2024-04-17T10:33:15 IST" duration-ms="3229" status="PASS">
          <reporter-output>
          </reporter-output>
        </test-method> <!-- setUp -->
        <test-method signature="TC30()[pri:30, instance:allPages.BankSetup@7c1e2a9e]" started-at="2024-04-17T10:33:15 IST" name="TC30" finished-at="2024-04-17T10:33:22 IST" duration-ms="7613" status="PASS">
          <reporter-output>
          </reporter-output>
        </test-method> <!-- TC30 -->
        <test-method is-config="true" signature="tearDown()[pri:0, instance:allPages.BankSetup@7c1e2a9e]" started-at="2024-04-17T10:33:22 IST" name="tearDown" finished-at="2024-04-17T10:33:26 IST" duration-ms="3377" status="PASS">
          <reporter-output>
          </reporter-output>
        </test-method> <!-- tearDown -->
        <test-method is-config="true" signature="launch()[pri:0, instance:allPages.BankSetup@7c1e2a9e]" started-at="2024-04-17T10:33:26 IST" name="launch" finished-at="2024-04-17T10:33:26 IST" duration-ms="1" status="PASS">
          <reporter-output>
          </reporter-output>
        </test-method> <!-- launch -->
        <test-method is-config="true" signature="setUp()[pri:0, instance:allPages.BankSetup@7c1e2a9e]" started-at="2024-04-17T10:33:26 IST" name="setUp" finished-at="2024-04-17T10:33:30 IST" duration-ms="3891" status="PASS">
          <reporter-output>
          </reporter-output>
        </test-method> <!-- setUp -->
        <test-method signature="TC31()[pri:31, instance:allPages.BankSetup@7c1e2a9e]" started-at="2024-04-17T10:33:30 IST" name="TC31" finished-at="2024-04-17T10:33:43 IST" duration-ms="13116" status="PASS">
          <reporter-output>
          </reporter-output>
        </test-method> <!-- TC31 -->
        <test-method is-config="true" signature="tearDown()[pri:0, instance:allPages.BankSetup@7c1e2a9e]" started-at="2024-04-17T10:33:43 IST" name="tearDown" finished-at="2024-04-17T10:33:46 IST" duration-ms="3289" status="PASS">
          <reporter-output>
          </reporter-output>
        </test-method> <!-- tearDown -->
        <test-method is-config="true" signature="launch()[pri:0, instance:allPages.BankSetup@7c1e2a9e]" started-at="2024-04-17T10:33:46 IST" name="launch" finished-at="2024-04-17T10:33:46 IST" duration-ms="1" status="PASS">
          <reporter-output>
          </reporter-output>
        </test-method> <!-- launch -->
        <test-method is-config="true" signature="setUp()[pri:0, instance:allPages.BankSetup@7c1e2a9e]" started-at="2024-04-17T10:33:46 IST" name="setUp" finished-at="2024-04-17T10:33:51 IST" duration-ms="4605" status="PASS">
          <reporter-output>
          </reporter-output>
        </test-method> <!-- setUp -->
        <test-method signature="TC32()[pri:32, instance:allPages.BankSetup@7c1e2a9e]" started-at="2024-04-17T10:33:51 IST" name="TC32" finished-at="2024-04-17T10:34:10 IST" duration-ms="19516" status="PASS">
          <reporter-output>
          </reporter-output>
        </test-method> <!-- TC32 -->
        <test-method is-config="true" signature="tearDown()[pri:0, instance:allPages.BankSetup@7c1e2a9e]" started-at="2024-04-17T10:34:10 IST" name="tearDown" finished-at="2024-04-17T10:34:13 IST" duration-ms="3200" status="PASS">
          <reporter-output>
          </reporter-output>
        </test-method> <!-- tearDown -->
        <test-method is-config="true" signature="setUp()[pri:0, instance:allPages.BankSetup@7c1e2a9e]" started-at="2024-04-17T10:34:13 IST" name="setUp" finished-at="2024-04-17T10:34:16 IST" duration-ms="2477" status="PASS">
          <reporter-output>
          </reporter-output>
        </test-method> <!-- setUp -->
        <test-method is-config="true" signature="launch()[pri:0, instance:allPages.BankSetup@7c1e2a9e]" started-at="2024-04-17T10:34:13 IST" name="launch" finished-at="2024-04-17T10:34:13 IST" duration-ms="0" status="PASS">
          <reporter-output>
          </reporter-output>
        </test-method> <!-- launch -->
        <test-method signature="TC33()[pri:33, instance:allPages.BankSetup@7c1e2a9e]" started-at="2024-04-17T10:34:16 IST" name="TC33" finished-at="2024-04-17T10:34:23 IST" duration-ms="7291" status="PASS">
          <reporter-output>
          </reporter-output>
        </test-method> <!-- TC33 -->
        <test-method is-config="true" signature="tearDown()[pri:0, instance:allPages.BankSetup@7c1e2a9e]" started-at="2024-04-17T10:34:23 IST" name="tearDown" finished-at="2024-04-17T10:34:27 IST" duration-ms="3391" status="PASS">
          <reporter-output>
          </reporter-output>
        </test-method> <!-- tearDown -->
      </class> <!-- allPages.BankSetup -->
    </test> <!-- Test -->
  </suite> <!-- Suite -->
</testng-results>
