<?xml version="1.0" encoding="UTF-8"?>
<testng-results ignored="0" total="1" passed="1" failed="0" skipped="0">
  <reporter-output>
  </reporter-output>
  <suite started-at="2024-03-26T17:39:05 IST" name="Default suite" finished-at="2024-03-26T17:39:34 IST" duration-ms="29347">
    <groups>
    </groups>
    <test started-at="2024-03-26T17:39:05 IST" name="Default test" finished-at="2024-03-26T17:39:34 IST" duration-ms="29347">
      <class name="allPages.CustomerList">
        <test-method is-config="true" signature="launch()[pri:0, instance:allPages.CustomerList@65d09a04]" started-at="2024-03-26T17:39:05 IST" name="launch" finished-at="2024-03-26T17:39:05 IST" duration-ms="6" status="PASS">
          <reporter-output>
          </reporter-output>
        </test-method> <!-- launch -->
        <test-method is-config="true" signature="setUp()[pri:0, instance:allPages.CustomerList@65d09a04]" started-at="2024-03-26T17:39:05 IST" name="setUp" finished-at="2024-03-26T17:39:09 IST" duration-ms="3875" status="PASS">
          <reporter-output>
          </reporter-output>
        </test-method> <!-- setUp -->
        <test-method signature="TC69()[pri:68, instance:allPages.CustomerList@65d09a04]" started-at="2024-03-26T17:39:09 IST" name="TC69" finished-at="2024-03-26T17:39:34 IST" duration-ms="25422" status="PASS">
          <reporter-output>
          </reporter-output>
        </test-method> <!-- TC69 -->
      </class> <!-- allPages.CustomerList -->
    </test> <!-- Default test -->
  </suite> <!-- Default suite -->
</testng-results>
